::1 - - [18/Dec/2021:21:02:40 +0000] "GET / HTTP/1.1" 200 49268 "http://localhost:8008/" "Mozilla/5.0 (Windows NT 10.0; Win64; x64) AppleWebKit/537.36 (KHTML, like Gecko) Chrome/96.0.4664.110 Safari/537.36"
::1 - - [18/Dec/2021:21:02:55 +0000] "GET /login HTTP/1.1" 304 - "http://localhost:8008/" "Mozilla/5.0 (Windows NT 10.0; Win64; x64) AppleWebKit/537.36 (KHTML, like Gecko) Chrome/96.0.4664.110 Safari/537.36"
::1 - - [18/Dec/2021:21:03:09 +0000] "POST /login HTTP/1.1" 200 83 "-" "Mozilla/5.0 (Windows NT 10.0; Win64; x64) AppleWebKit/537.36 (KHTML, like Gecko) Chrome/96.0.4664.110 Safari/537.36"
::1 - - [18/Dec/2021:21:03:14 +0000] "GET /login HTTP/1.1" 200 34022 "http://localhost:8008/" "Mozilla/5.0 (Windows NT 10.0; Win64; x64) AppleWebKit/537.36 (KHTML, like Gecko) Chrome/96.0.4664.110 Safari/537.36"
::1 - - [18/Dec/2021:21:03:20 +0000] "GET /login HTTP/1.1" 200 34022 "-" "Mozilla/5.0 (Windows NT 10.0; Win64; x64) AppleWebKit/537.36 (KHTML, like Gecko) Chrome/96.0.4664.110 Safari/537.36"
::1 - - [18/Dec/2021:21:03:32 +0000] "GET /login HTTP/1.1" 200 34022 "-" "Mozilla/5.0 (Windows NT 10.0; Win64; x64) AppleWebKit/537.36 (KHTML, like Gecko) Chrome/96.0.4664.110 Safari/537.36"
::1 - - [18/Dec/2021:21:03:38 +0000] "GET /login HTTP/1.1" 200 34022 "-" "Mozilla/5.0 (Windows NT 10.0; Win64; x64) AppleWebKit/537.36 (KHTML, like Gecko) Chrome/96.0.4664.110 Safari/537.36"
::1 - - [18/Dec/2021:21:04:01 +0000] "POST /login HTTP/1.1" 200 80 "http://localhost:8008/login" "Mozilla/5.0 (Windows NT 10.0; Win64; x64) AppleWebKit/537.36 (KHTML, like Gecko) Chrome/96.0.4664.110 Safari/537.36"
::1 - - [18/Dec/2021:21:10:14 +0000] "POST /login HTTP/1.1" 200 80 "http://localhost:8008/login" "Mozilla/5.0 (Windows NT 10.0; Win64; x64) AppleWebKit/537.36 (KHTML, like Gecko) Chrome/96.0.4664.110 Safari/537.36"
::1 - - [18/Dec/2021:21:10:18 +0000] "POST /login HTTP/1.1" 200 80 "http://localhost:8008/login" "Mozilla/5.0 (Windows NT 10.0; Win64; x64) AppleWebKit/537.36 (KHTML, like Gecko) Chrome/96.0.4664.110 Safari/537.36"
::1 - - [18/Dec/2021:21:15:57 +0000] "POST /login HTTP/1.1" 200 80
::1 - - [18/Dec/2021:21:16:14 +0000] "GET /signup HTTP/1.1" 200 35600
::1 - - [18/Dec/2021:21:16:49 +0000] "POST /signup HTTP/1.1" 201 91
::1 - - [18/Dec/2021:21:16:51 +0000] "GET /dashboard HTTP/1.1" 200 26053
::1 - - [18/Dec/2021:21:17:51 +0000] "GET /dashboard HTTP/1.1" 200 25960
::1 - - [18/Dec/2021:21:17:57 +0000] "GET /dashboard HTTP/1.1" 304 -
::1 - - [18/Dec/2021:21:18:00 +0000] "GET / HTTP/1.1" 200 49348
::1 - - [18/Dec/2021:21:18:09 +0000] "GET /dashboard HTTP/1.1" 304 -
::1 - - [18/Dec/2021:21:18:26 +0000] "GET / HTTP/1.1" 304 -
::1 - - [18/Dec/2021:21:18:30 +0000] "GET /dashboard HTTP/1.1" 304 -
::1 - - [18/Dec/2021:21:18:48 +0000] "GET / HTTP/1.1" 304 -
::1 - - [18/Dec/2021:21:18:52 +0000] "GET /dashboard HTTP/1.1" 304 -
::1 - - [18/Dec/2021:21:18:55 +0000] "GET /dashboard HTTP/1.1" 304 -
::1 - - [18/Dec/2021:21:19:32 +0000] "GET /dashboard HTTP/1.1" 200 25982
::1 - - [18/Dec/2021:21:20:23 +0000] "GET /dashboard HTTP/1.1" 200 25925
::1 - - [18/Dec/2021:21:20:38 +0000] "GET /logout HTTP/1.1" 404 145
::1 - - [18/Dec/2021:21:48:32 +0000] "GET / HTTP/1.1" 200 49268
::ffff:127.0.0.1 - - [18/Dec/2021:21:51:09 +0000] "GET / HTTP/1.1" 200 49268
::ffff:127.0.0.1 - - [18/Dec/2021:21:51:18 +0000] "GET /login HTTP/1.1" 200 34022
::ffff:127.0.0.1 - - [18/Dec/2021:21:51:27 +0000] "POST /login HTTP/1.1" 200 83
::ffff:127.0.0.1 - - [18/Dec/2021:21:51:35 +0000] "GET /signup HTTP/1.1" 200 35600
::ffff:127.0.0.1 - - [18/Dec/2021:21:51:49 +0000] "POST /signup HTTP/1.1" 201 92
::ffff:127.0.0.1 - - [18/Dec/2021:21:51:51 +0000] "GET /dashboard HTTP/1.1" 200 25928
::ffff:127.0.0.1 - - [18/Dec/2021:21:52:14 +0000] "GET / HTTP/1.1" 200 49348
::ffff:127.0.0.1 - - [18/Dec/2021:21:52:17 +0000] "GET /dashboard HTTP/1.1" 200 25928
::ffff:127.0.0.1 - - [18/Dec/2021:21:52:23 +0000] "GET /logout HTTP/1.1" 404 145
::ffff:127.0.0.1 - - [18/Dec/2021:23:30:42 +0000] "GET /logout HTTP/1.1" 302 46
::ffff:127.0.0.1 - - [18/Dec/2021:23:30:42 +0000] "GET / HTTP/1.1" 200 49268
::ffff:127.0.0.1 - - [18/Dec/2021:23:30:46 +0000] "GET /login HTTP/1.1" 200 34022
::ffff:127.0.0.1 - - [18/Dec/2021:23:30:56 +0000] "POST /login HTTP/1.1" 200 46
::ffff:127.0.0.1 - - [18/Dec/2021:23:30:59 +0000] "GET /dashboard HTTP/1.1" 200 25928
::ffff:127.0.0.1 - - [18/Dec/2021:23:31:02 +0000] "GET /logout HTTP/1.1" 302 46
::ffff:127.0.0.1 - - [18/Dec/2021:23:31:02 +0000] "GET / HTTP/1.1" 200 49268
::ffff:127.0.0.1 - - [18/Dec/2021:23:31:13 +0000] "GET /dashboard HTTP/1.1" 302 88
::ffff:127.0.0.1 - - [18/Dec/2021:23:31:13 +0000] "GET /login?next=/dashboard HTTP/1.1" 200 34022
::ffff:127.0.0.1 - - [18/Dec/2021:23:31:23 +0000] "POST /login HTTP/1.1" 200 84
::ffff:127.0.0.1 - - [18/Dec/2021:23:31:27 +0000] "POST /login HTTP/1.1" 200 84
::ffff:127.0.0.1 - - [18/Dec/2021:23:31:44 +0000] "POST /login HTTP/1.1" 200 66
::ffff:127.0.0.1 - - [18/Dec/2021:23:31:46 +0000] "GET /dashboard HTTP/1.1" 200 25928
::ffff:127.0.0.1 - - [18/Dec/2021:23:31:50 +0000] "GET / HTTP/1.1" 200 49348
::ffff:127.0.0.1 - - [18/Dec/2021:23:32:31 +0000] "GET /logout HTTP/1.1" 302 46
::ffff:127.0.0.1 - - [18/Dec/2021:23:32:31 +0000] "GET / HTTP/1.1" 200 49268
::1 - - [18/Dec/2021:23:35:14 +0000] "GET / HTTP/1.1" 200 49268
::1 - - [18/Dec/2021:23:35:18 +0000] "GET /login HTTP/1.1" 200 34022
::1 - - [18/Dec/2021:23:35:37 +0000] "POST /login HTTP/1.1" 200 46
::1 - - [18/Dec/2021:23:35:39 +0000] "GET /dashboard HTTP/1.1" 200 25928
::1 - - [18/Dec/2021:23:35:44 +0000] "GET / HTTP/1.1" 200 49348
::1 - - [18/Dec/2021:23:36:01 +0000] "GET / HTTP/1.1" 200 49348
::1 - - [18/Dec/2021:23:36:05 +0000] "GET /dashboard HTTP/1.1" 200 25928
::1 - - [18/Dec/2021:23:45:15 +0000] "GET /logout HTTP/1.1" 302 46
::1 - - [18/Dec/2021:23:45:15 +0000] "GET / HTTP/1.1" 200 49268
::1 - - [18/Dec/2021:23:45:20 +0000] "GET /login HTTP/1.1" 200 34022
::1 - - [18/Dec/2021:23:45:38 +0000] "POST /login HTTP/1.1" 500 289
::1 - - [18/Dec/2021:23:50:53 +0000] "GET /login HTTP/1.1" 200 34114
::1 - - [18/Dec/2021:23:51:15 +0000] "POST /login HTTP/1.1" 200 46
::1 - - [18/Dec/2021:23:51:17 +0000] "GET /dashboard HTTP/1.1" 200 25928
::1 - - [18/Dec/2021:23:58:08 +0000] "GET /logout HTTP/1.1" 302 46
::1 - - [18/Dec/2021:23:58:08 +0000] "GET / HTTP/1.1" 200 49268
::1 - - [18/Dec/2021:23:58:11 +0000] "GET /login HTTP/1.1" 200 34114
::1 - - [18/Dec/2021:23:58:39 +0000] "POST /login HTTP/1.1" 200 84
::1 - - [18/Dec/2021:23:58:54 +0000] "POST /login HTTP/1.1" 200 47
::1 - - [18/Dec/2021:23:58:56 +0000] "GET /dashboard HTTP/1.1" 200 25924
::1 - - [19/Dec/2021:00:00:15 +0000] "GET /logout HTTP/1.1" 302 46
::1 - - [19/Dec/2021:00:00:15 +0000] "GET / HTTP/1.1" 200 49268
::1 - - [19/Dec/2021:00:00:18 +0000] "GET /login HTTP/1.1" 200 34114
::1 - - [19/Dec/2021:00:00:31 +0000] "POST /login HTTP/1.1" 200 46
::1 - - [19/Dec/2021:00:00:33 +0000] "GET /dashboard HTTP/1.1" 200 25928
::1 - - [19/Dec/2021:00:01:10 +0000] "GET /dashboard HTTP/1.1" 302 88
::1 - - [19/Dec/2021:00:01:10 +0000] "GET /login?next=/dashboard HTTP/1.1" 200 34114
::1 - - [19/Dec/2021:00:01:36 +0000] "GET /dashboard HTTP/1.1" 302 88
::1 - - [19/Dec/2021:00:01:36 +0000] "GET /login?next=/dashboard HTTP/1.1" 200 34114
::1 - - [19/Dec/2021:00:01:55 +0000] "POST /login HTTP/1.1" 200 84
::1 - - [19/Dec/2021:00:01:59 +0000] "POST /login HTTP/1.1" 200 47
::1 - - [19/Dec/2021:00:02:01 +0000] "GET /dashboard HTTP/1.1" 200 25924
::1 - - [19/Dec/2021:00:02:57 +0000] "GET /logout HTTP/1.1" 302 46
::1 - - [19/Dec/2021:00:02:57 +0000] "GET / HTTP/1.1" 200 49268
::1 - - [19/Dec/2021:00:03:00 +0000] "GET /login HTTP/1.1" 200 34114
::1 - - [19/Dec/2021:00:03:16 +0000] "POST /login HTTP/1.1" 200 46
::1 - - [19/Dec/2021:00:03:18 +0000] "GET /dashboard HTTP/1.1" 200 25928
::1 - - [19/Dec/2021:00:08:03 +0000] "GET /logout HTTP/1.1" 302 46
::1 - - [19/Dec/2021:00:08:03 +0000] "GET / HTTP/1.1" 200 49268
::1 - - [19/Dec/2021:00:08:06 +0000] "GET /login HTTP/1.1" 200 34114
::1 - - [19/Dec/2021:00:08:24 +0000] "POST /login HTTP/1.1" 200 47
::1 - - [19/Dec/2021:00:08:27 +0000] "GET /dashboard HTTP/1.1" 200 25924
::1 - - [19/Dec/2021:00:09:08 +0000] "GET /logout HTTP/1.1" 302 46
::1 - - [19/Dec/2021:00:09:08 +0000] "GET / HTTP/1.1" 200 49268
::1 - - [19/Dec/2021:00:09:12 +0000] "GET /login HTTP/1.1" 200 34114
::1 - - [19/Dec/2021:00:09:26 +0000] "POST /login HTTP/1.1" 200 46
::1 - - [19/Dec/2021:00:09:28 +0000] "GET /dashboard HTTP/1.1" 200 25928
::1 - - [19/Dec/2021:00:10:36 +0000] "GET / HTTP/1.1" 200 49268
::1 - - [19/Dec/2021:00:10:39 +0000] "GET /login HTTP/1.1" 200 34114
::1 - - [19/Dec/2021:00:10:58 +0000] "POST /login HTTP/1.1" 200 46
::1 - - [19/Dec/2021:00:11:00 +0000] "GET /dashboard HTTP/1.1" 200 25928
::1 - - [19/Dec/2021:00:11:13 +0000] "GET /logout HTTP/1.1" 302 46
::1 - - [19/Dec/2021:00:11:13 +0000] "GET / HTTP/1.1" 200 49268
::1 - - [19/Dec/2021:00:11:18 +0000] "GET /dashboard HTTP/1.1" 302 88
::1 - - [19/Dec/2021:00:11:18 +0000] "GET /login?next=/dashboard HTTP/1.1" 200 34114
::1 - - [19/Dec/2021:00:11:21 +0000] "GET /signup HTTP/1.1" 200 35693
::1 - - [19/Dec/2021:00:11:38 +0000] "POST /signup HTTP/1.1" 200 72
::1 - - [19/Dec/2021:05:38:03 +0000] "POST /signup HTTP/1.1" 200 72
::1 - - [19/Dec/2021:07:50:35 +0000] "GET / HTTP/1.1" 200 49350
::1 - - [19/Dec/2021:07:50:38 +0000] "GET / HTTP/1.1" 200 49350
::1 - - [19/Dec/2021:07:50:44 +0000] "GET /auth/login HTTP/1.1" 200 34211
::1 - - [19/Dec/2021:07:50:44 +0000] "GET /auth/assets/css/vendor.min.css HTTP/1.1" 404 169
::1 - - [19/Dec/2021:07:50:44 +0000] "GET /auth/assets/css/theme.minc619.css?v=1.0 HTTP/1.1" 404 172
::1 - - [19/Dec/2021:07:50:44 +0000] "GET /auth/assets/vendor/aos/dist/aos.css HTTP/1.1" 404 174
::1 - - [19/Dec/2021:07:50:44 +0000] "GET /auth/assets/vendor/bootstrap-icons/font/bootstrap-icons.css HTTP/1.1" 404 198
::1 - - [19/Dec/2021:07:50:44 +0000] "GET /auth/assets/js/vendor.min.js HTTP/1.1" 404 167
::1 - - [19/Dec/2021:07:50:44 +0000] "GET /auth/assets/vendor/aos/dist/aos.js HTTP/1.1" 404 173
::1 - - [19/Dec/2021:07:50:44 +0000] "GET /auth/assets/js/theme.min.js HTTP/1.1" 404 166
::1 - - [19/Dec/2021:07:50:44 +0000] "GET /auth/assets/vendor/flag-icon-css/flags/1x1/us.svg HTTP/1.1" 404 188
::1 - - [19/Dec/2021:07:50:44 +0000] "GET /auth/assets/vendor/flag-icon-css/flags/1x1/de.svg HTTP/1.1" 404 188
::1 - - [19/Dec/2021:07:50:44 +0000] "GET /auth/assets/vendor/flag-icon-css/flags/1x1/es.svg HTTP/1.1" 404 188
::1 - - [19/Dec/2021:07:50:44 +0000] "GET /auth/assets/vendor/flag-icon-css/flags/1x1/cn.svg HTTP/1.1" 404 188
::1 - - [19/Dec/2021:07:50:44 +0000] "GET /auth/favicon.ico HTTP/1.1" 404 155
::1 - - [19/Dec/2021:07:50:44 +0000] "GET /auth/favicon.ico HTTP/1.1" 404 155
::1 - - [19/Dec/2021:07:50:47 +0000] "GET /auth/assets/css/vendor.min.css HTTP/1.1" 404 169
::1 - - [19/Dec/2021:07:50:47 +0000] "GET /auth/assets/vendor/bootstrap-icons/font/bootstrap-icons.css HTTP/1.1" 404 198
::1 - - [19/Dec/2021:07:50:47 +0000] "GET /auth/assets/vendor/aos/dist/aos.css HTTP/1.1" 404 174
::1 - - [19/Dec/2021:07:50:47 +0000] "GET /auth/assets/css/theme.minc619.css?v=1.0 HTTP/1.1" 404 172
::1 - - [19/Dec/2021:07:52:22 +0000] "GET / HTTP/1.1" 200 49350
::1 - - [19/Dec/2021:07:52:34 +0000] "GET /auth/signup HTTP/1.1" 200 35857
::1 - - [19/Dec/2021:07:52:35 +0000] "GET /auth/assets/css/vendor.min.css HTTP/1.1" 404 169
::1 - - [19/Dec/2021:07:52:35 +0000] "GET /auth/assets/vendor/bootstrap-icons/font/bootstrap-icons.css HTTP/1.1" 404 198
::1 - - [19/Dec/2021:07:52:35 +0000] "GET /auth/assets/vendor/aos/dist/aos.css HTTP/1.1" 404 174
::1 - - [19/Dec/2021:07:52:35 +0000] "GET /auth/assets/css/theme.minc619.css?v=1.0 HTTP/1.1" 404 172
::1 - - [19/Dec/2021:07:52:35 +0000] "GET /auth/assets/js/vendor.min.js HTTP/1.1" 404 167
::1 - - [19/Dec/2021:07:52:35 +0000] "GET /auth/assets/vendor/aos/dist/aos.js HTTP/1.1" 404 173
::1 - - [19/Dec/2021:07:52:35 +0000] "GET /auth/assets/js/theme.min.js HTTP/1.1" 404 166
::1 - - [19/Dec/2021:07:52:35 +0000] "GET /auth/assets/vendor/flag-icon-css/flags/1x1/us.svg HTTP/1.1" 404 188
::1 - - [19/Dec/2021:07:52:35 +0000] "GET /auth/assets/vendor/flag-icon-css/flags/1x1/de.svg HTTP/1.1" 404 188
::1 - - [19/Dec/2021:07:52:35 +0000] "GET /auth/assets/vendor/flag-icon-css/flags/1x1/es.svg HTTP/1.1" 404 188
::1 - - [19/Dec/2021:07:52:35 +0000] "GET /auth/assets/vendor/flag-icon-css/flags/1x1/cn.svg HTTP/1.1" 404 188
::1 - - [19/Dec/2021:07:52:35 +0000] "GET /auth/assets/vendor/aos/dist/aos.js HTTP/1.1" 404 173
::1 - - [19/Dec/2021:07:52:35 +0000] "GET /auth/assets/js/theme.min.js HTTP/1.1" 404 166
::1 - - [19/Dec/2021:07:52:35 +0000] "GET /auth/favicon.ico HTTP/1.1" 404 155
::1 - - [19/Dec/2021:07:54:10 +0000] "GET /auth/signup HTTP/1.1" 200 35861
::1 - - [19/Dec/2021:07:54:10 +0000] "GET /auth/assets/css/vendor.min.css HTTP/1.1" 404 169
::1 - - [19/Dec/2021:07:54:10 +0000] "GET /auth/assets/vendor/bootstrap-icons/font/bootstrap-icons.css HTTP/1.1" 404 198
::1 - - [19/Dec/2021:07:54:10 +0000] "GET /auth/assets/vendor/aos/dist/aos.css HTTP/1.1" 404 174
::1 - - [19/Dec/2021:07:54:10 +0000] "GET /auth/assets/css/theme.minc619.css?v=1.0 HTTP/1.1" 404 172
::1 - - [19/Dec/2021:07:54:10 +0000] "GET /auth/assets/js/vendor.min.js HTTP/1.1" 404 167
::1 - - [19/Dec/2021:07:54:10 +0000] "GET /auth/assets/vendor/aos/dist/aos.js HTTP/1.1" 404 173
::1 - - [19/Dec/2021:07:54:10 +0000] "GET /auth/assets/js/theme.min.js HTTP/1.1" 404 166
::1 - - [19/Dec/2021:07:54:10 +0000] "GET /auth/assets/vendor/flag-icon-css/flags/1x1/us.svg HTTP/1.1" 404 188
::1 - - [19/Dec/2021:07:54:10 +0000] "GET /auth/assets/vendor/flag-icon-css/flags/1x1/es.svg HTTP/1.1" 404 188
::1 - - [19/Dec/2021:07:54:10 +0000] "GET /auth/assets/vendor/flag-icon-css/flags/1x1/cn.svg HTTP/1.1" 404 188
::1 - - [19/Dec/2021:07:54:10 +0000] "GET /auth/assets/vendor/flag-icon-css/flags/1x1/de.svg HTTP/1.1" 404 188
::1 - - [19/Dec/2021:07:54:10 +0000] "GET /auth/assets/vendor/aos/dist/aos.js HTTP/1.1" 404 173
::1 - - [19/Dec/2021:07:54:10 +0000] "GET /auth/assets/js/theme.min.js HTTP/1.1" 404 166
::1 - - [19/Dec/2021:07:54:10 +0000] "GET /auth/favicon.ico HTTP/1.1" 404 155
::1 - - [19/Dec/2021:08:08:50 +0000] "GET /auth/signup HTTP/1.1" 200 35861
::1 - - [19/Dec/2021:08:08:50 +0000] "GET /auth/assets/css/vendor.min.css HTTP/1.1" 404 169
::1 - - [19/Dec/2021:08:08:50 +0000] "GET /auth/assets/vendor/bootstrap-icons/font/bootstrap-icons.css HTTP/1.1" 404 198
::1 - - [19/Dec/2021:08:08:50 +0000] "GET /auth/assets/vendor/aos/dist/aos.css HTTP/1.1" 404 174
::1 - - [19/Dec/2021:08:08:50 +0000] "GET /auth/assets/css/theme.minc619.css?v=1.0 HTTP/1.1" 404 172
::1 - - [19/Dec/2021:08:08:50 +0000] "GET /auth/assets/js/vendor.min.js HTTP/1.1" 404 167
::1 - - [19/Dec/2021:08:08:50 +0000] "GET /auth/assets/vendor/aos/dist/aos.js HTTP/1.1" 404 173
::1 - - [19/Dec/2021:08:08:50 +0000] "GET /auth/assets/js/theme.min.js HTTP/1.1" 404 166
::1 - - [19/Dec/2021:08:08:50 +0000] "GET /auth/assets/vendor/flag-icon-css/flags/1x1/us.svg HTTP/1.1" 404 188
::1 - - [19/Dec/2021:08:08:50 +0000] "GET /auth/assets/vendor/flag-icon-css/flags/1x1/de.svg HTTP/1.1" 404 188
::1 - - [19/Dec/2021:08:08:50 +0000] "GET /auth/assets/vendor/flag-icon-css/flags/1x1/es.svg HTTP/1.1" 404 188
::1 - - [19/Dec/2021:08:08:50 +0000] "GET /auth/assets/vendor/flag-icon-css/flags/1x1/cn.svg HTTP/1.1" 404 188
::1 - - [19/Dec/2021:08:08:50 +0000] "GET /auth/assets/vendor/aos/dist/aos.js HTTP/1.1" 404 173
::1 - - [19/Dec/2021:08:08:50 +0000] "GET /auth/assets/js/theme.min.js HTTP/1.1" 404 166
::1 - - [19/Dec/2021:08:08:50 +0000] "GET /auth/favicon.ico HTTP/1.1" 404 155
::1 - - [19/Dec/2021:08:08:57 +0000] "GET / HTTP/1.1" 200 49350
::1 - - [19/Dec/2021:08:08:57 +0000] "GET /assets/css/vendor.min.css HTTP/1.1" 404 164
::1 - - [19/Dec/2021:08:08:57 +0000] "GET /assets/css/theme.minc619.css?v=1.0 HTTP/1.1" 404 167
::1 - - [19/Dec/2021:08:08:57 +0000] "GET /assets/vendor/bootstrap-icons/font/bootstrap-icons.css HTTP/1.1" 404 193
::1 - - [19/Dec/2021:08:08:57 +0000] "GET /assets/vendor/aos/dist/aos.css HTTP/1.1" 404 169
::1 - - [19/Dec/2021:08:08:58 +0000] "GET /assets/js/vendor.min.js HTTP/1.1" 404 162
::1 - - [19/Dec/2021:08:08:58 +0000] "GET /assets/vendor/aos/dist/aos.js HTTP/1.1" 404 168
::1 - - [19/Dec/2021:08:08:58 +0000] "GET /assets/js/theme.min.js HTTP/1.1" 404 161
::1 - - [19/Dec/2021:08:08:58 +0000] "GET /assets/img/crypto/11.jpg HTTP/1.1" 404 163
::1 - - [19/Dec/2021:08:08:58 +0000] "GET /assets/img/crypto/10.png HTTP/1.1" 404 163
::1 - - [19/Dec/2021:08:08:58 +0000] "GET /assets/img/crypto/13.jpg HTTP/1.1" 404 163
::1 - - [19/Dec/2021:08:08:58 +0000] "GET /assets/img/crypto/12.png HTTP/1.1" 404 163
::1 - - [19/Dec/2021:08:08:58 +0000] "GET /assets/svg/components/circled-stripe.svg HTTP/1.1" 404 179
::1 - - [19/Dec/2021:08:08:58 +0000] "GET /assets/svg/components/dots.svg HTTP/1.1" 404 169
::1 - - [19/Dec/2021:08:08:58 +0000] "GET /assets/img/crypto/9.png HTTP/1.1" 404 162
::1 - - [19/Dec/2021:08:08:58 +0000] "GET /assets/img/crypto/vision.png HTTP/1.1" 404 167
::1 - - [19/Dec/2021:08:08:58 +0000] "GET /assets/img/crypto/coinbase.png HTTP/1.1" 404 169
::1 - - [19/Dec/2021:08:08:58 +0000] "GET /assets/img/crypto/ledger.png HTTP/1.1" 404 167
::1 - - [19/Dec/2021:08:08:58 +0000] "GET /assets/img/crypto/metamask.png HTTP/1.1" 404 169
::1 - - [19/Dec/2021:08:08:58 +0000] "GET /assets/img/crypto/gridplus.png HTTP/1.1" 404 169
::1 - - [19/Dec/2021:08:08:58 +0000] "GET /assets/vendor/aos/dist/aos.js HTTP/1.1" 404 168
::1 - - [19/Dec/2021:08:08:58 +0000] "GET /assets/img/crypto/blockchain.png HTTP/1.1" 404 171
::1 - - [19/Dec/2021:08:08:58 +0000] "GET /assets/img/crypto/mykey.png HTTP/1.1" 404 166
::1 - - [19/Dec/2021:08:08:58 +0000] "GET /assets/img/crypto/ownbit.png HTTP/1.1" 404 167
::1 - - [19/Dec/2021:08:08:58 +0000] "GET /assets/img/crypto/infinito.png HTTP/1.1" 404 169
::1 - - [19/Dec/2021:08:08:58 +0000] "GET /assets/img/crypto/mew.png HTTP/1.1" 404 164
::1 - - [19/Dec/2021:08:08:58 +0000] "GET /assets/img/crypto/onto.png HTTP/1.1" 404 165
::1 - - [19/Dec/2021:08:08:58 +0000] "GET /assets/js/theme.min.js HTTP/1.1" 404 161
::1 - - [19/Dec/2021:08:08:58 +0000] "GET /assets/vendor/flag-icon-css/flags/1x1/us.svg HTTP/1.1" 404 183
::1 - - [19/Dec/2021:08:08:58 +0000] "GET /assets/vendor/flag-icon-css/flags/1x1/de.svg HTTP/1.1" 404 183
::1 - - [19/Dec/2021:08:08:58 +0000] "GET /assets/vendor/flag-icon-css/flags/1x1/es.svg HTTP/1.1" 404 183
::1 - - [19/Dec/2021:08:08:58 +0000] "GET /assets/vendor/flag-icon-css/flags/1x1/cn.svg HTTP/1.1" 404 183
::1 - - [19/Dec/2021:08:08:58 +0000] "GET /favicon.ico HTTP/1.1" 404 150
::1 - - [19/Dec/2021:08:09:00 +0000] "GET / HTTP/1.1" 200 49350
::1 - - [19/Dec/2021:08:09:00 +0000] "GET /assets/css/vendor.min.css HTTP/1.1" 404 164
::1 - - [19/Dec/2021:08:09:00 +0000] "GET /assets/vendor/bootstrap-icons/font/bootstrap-icons.css HTTP/1.1" 404 193
::1 - - [19/Dec/2021:08:09:00 +0000] "GET /assets/vendor/aos/dist/aos.css HTTP/1.1" 404 169
::1 - - [19/Dec/2021:08:09:00 +0000] "GET /assets/css/theme.minc619.css?v=1.0 HTTP/1.1" 404 167
::1 - - [19/Dec/2021:08:09:00 +0000] "GET /assets/js/vendor.min.js HTTP/1.1" 404 162
::1 - - [19/Dec/2021:08:09:00 +0000] "GET /assets/vendor/aos/dist/aos.js HTTP/1.1" 404 168
::1 - - [19/Dec/2021:08:09:00 +0000] "GET /assets/js/theme.min.js HTTP/1.1" 404 161
::1 - - [19/Dec/2021:08:09:00 +0000] "GET /assets/img/crypto/11.jpg HTTP/1.1" 404 163
::1 - - [19/Dec/2021:08:09:00 +0000] "GET /assets/img/crypto/13.jpg HTTP/1.1" 404 163
::1 - - [19/Dec/2021:08:09:00 +0000] "GET /assets/img/crypto/10.png HTTP/1.1" 404 163
::1 - - [19/Dec/2021:08:09:00 +0000] "GET /assets/img/crypto/12.png HTTP/1.1" 404 163
::1 - - [19/Dec/2021:08:09:00 +0000] "GET /assets/img/crypto/9.png HTTP/1.1" 404 162
::1 - - [19/Dec/2021:08:09:00 +0000] "GET /assets/svg/components/circled-stripe.svg HTTP/1.1" 404 179
::1 - - [19/Dec/2021:08:09:00 +0000] "GET /assets/svg/components/dots.svg HTTP/1.1" 404 169
::1 - - [19/Dec/2021:08:09:00 +0000] "GET /assets/img/crypto/vision.png HTTP/1.1" 404 167
::1 - - [19/Dec/2021:08:09:00 +0000] "GET /assets/img/crypto/coinbase.png HTTP/1.1" 404 169
::1 - - [19/Dec/2021:08:09:00 +0000] "GET /assets/img/crypto/ledger.png HTTP/1.1" 404 167
::1 - - [19/Dec/2021:08:09:00 +0000] "GET /assets/img/crypto/metamask.png HTTP/1.1" 404 169
::1 - - [19/Dec/2021:08:09:00 +0000] "GET /assets/img/crypto/gridplus.png HTTP/1.1" 404 169
::1 - - [19/Dec/2021:08:09:00 +0000] "GET /assets/img/crypto/blockchain.png HTTP/1.1" 404 171
::1 - - [19/Dec/2021:08:09:00 +0000] "GET /assets/img/crypto/mykey.png HTTP/1.1" 404 166
::1 - - [19/Dec/2021:08:09:00 +0000] "GET /assets/img/crypto/ownbit.png HTTP/1.1" 404 167
::1 - - [19/Dec/2021:08:09:00 +0000] "GET /assets/img/crypto/infinito.png HTTP/1.1" 404 169
::1 - - [19/Dec/2021:08:09:00 +0000] "GET /assets/img/crypto/mew.png HTTP/1.1" 404 164
::1 - - [19/Dec/2021:08:09:00 +0000] "GET /assets/img/crypto/onto.png HTTP/1.1" 404 165
::1 - - [19/Dec/2021:08:09:00 +0000] "GET /assets/vendor/flag-icon-css/flags/1x1/us.svg HTTP/1.1" 404 183
::1 - - [19/Dec/2021:08:09:00 +0000] "GET /assets/vendor/aos/dist/aos.js HTTP/1.1" 404 168
::1 - - [19/Dec/2021:08:09:00 +0000] "GET /assets/vendor/flag-icon-css/flags/1x1/de.svg HTTP/1.1" 404 183
::1 - - [19/Dec/2021:08:09:00 +0000] "GET /assets/vendor/flag-icon-css/flags/1x1/es.svg HTTP/1.1" 404 183
::1 - - [19/Dec/2021:08:09:00 +0000] "GET /assets/vendor/flag-icon-css/flags/1x1/cn.svg HTTP/1.1" 404 183
::1 - - [19/Dec/2021:08:09:00 +0000] "GET /assets/js/theme.min.js HTTP/1.1" 404 161
::1 - - [19/Dec/2021:08:09:00 +0000] "GET /favicon.ico HTTP/1.1" 404 150
::1 - - [19/Dec/2021:08:09:00 +0000] "GET /favicon.ico HTTP/1.1" 404 150
::1 - - [19/Dec/2021:08:09:32 +0000] "GET / HTTP/1.1" 200 49350
::1 - - [19/Dec/2021:08:09:32 +0000] "GET /assets/css/vendor.min.css HTTP/1.1" 404 164
::1 - - [19/Dec/2021:08:09:32 +0000] "GET /assets/vendor/bootstrap-icons/font/bootstrap-icons.css HTTP/1.1" 404 193
::1 - - [19/Dec/2021:08:09:32 +0000] "GET /assets/vendor/aos/dist/aos.css HTTP/1.1" 404 169
::1 - - [19/Dec/2021:08:09:32 +0000] "GET /assets/css/theme.minc619.css?v=1.0 HTTP/1.1" 404 167
::1 - - [19/Dec/2021:08:09:32 +0000] "GET /assets/js/vendor.min.js HTTP/1.1" 404 162
::1 - - [19/Dec/2021:08:09:32 +0000] "GET /assets/vendor/aos/dist/aos.js HTTP/1.1" 404 168
::1 - - [19/Dec/2021:08:09:32 +0000] "GET /assets/js/theme.min.js HTTP/1.1" 404 161
::1 - - [19/Dec/2021:08:09:32 +0000] "GET /assets/img/crypto/11.jpg HTTP/1.1" 404 163
::1 - - [19/Dec/2021:08:09:32 +0000] "GET /assets/img/crypto/10.png HTTP/1.1" 404 163
::1 - - [19/Dec/2021:08:09:32 +0000] "GET /assets/img/crypto/12.png HTTP/1.1" 404 163
::1 - - [19/Dec/2021:08:09:32 +0000] "GET /assets/img/crypto/13.jpg HTTP/1.1" 404 163
::1 - - [19/Dec/2021:08:09:32 +0000] "GET /assets/svg/components/dots.svg HTTP/1.1" 404 169
::1 - - [19/Dec/2021:08:09:32 +0000] "GET /assets/svg/components/circled-stripe.svg HTTP/1.1" 404 179
::1 - - [19/Dec/2021:08:09:32 +0000] "GET /assets/img/crypto/9.png HTTP/1.1" 404 162
::1 - - [19/Dec/2021:08:09:32 +0000] "GET /assets/img/crypto/vision.png HTTP/1.1" 404 167
::1 - - [19/Dec/2021:08:09:32 +0000] "GET /assets/img/crypto/coinbase.png HTTP/1.1" 404 169
::1 - - [19/Dec/2021:08:09:32 +0000] "GET /assets/img/crypto/ledger.png HTTP/1.1" 404 167
::1 - - [19/Dec/2021:08:09:32 +0000] "GET /assets/img/crypto/metamask.png HTTP/1.1" 404 169
::1 - - [19/Dec/2021:08:09:32 +0000] "GET /assets/img/crypto/gridplus.png HTTP/1.1" 404 169
::1 - - [19/Dec/2021:08:09:32 +0000] "GET /assets/img/crypto/blockchain.png HTTP/1.1" 404 171
::1 - - [19/Dec/2021:08:09:32 +0000] "GET /assets/vendor/aos/dist/aos.js HTTP/1.1" 404 168
::1 - - [19/Dec/2021:08:09:32 +0000] "GET /assets/img/crypto/mykey.png HTTP/1.1" 404 166
::1 - - [19/Dec/2021:08:09:32 +0000] "GET /assets/img/crypto/ownbit.png HTTP/1.1" 404 167
::1 - - [19/Dec/2021:08:09:32 +0000] "GET /assets/img/crypto/infinito.png HTTP/1.1" 404 169
::1 - - [19/Dec/2021:08:09:32 +0000] "GET /assets/img/crypto/mew.png HTTP/1.1" 404 164
::1 - - [19/Dec/2021:08:09:32 +0000] "GET /assets/img/crypto/onto.png HTTP/1.1" 404 165
::1 - - [19/Dec/2021:08:09:32 +0000] "GET /assets/vendor/flag-icon-css/flags/1x1/us.svg HTTP/1.1" 404 183
::1 - - [19/Dec/2021:08:09:32 +0000] "GET /assets/js/theme.min.js HTTP/1.1" 404 161
::1 - - [19/Dec/2021:08:09:32 +0000] "GET /assets/vendor/flag-icon-css/flags/1x1/es.svg HTTP/1.1" 404 183
::1 - - [19/Dec/2021:08:09:32 +0000] "GET /assets/vendor/flag-icon-css/flags/1x1/cn.svg HTTP/1.1" 404 183
::1 - - [19/Dec/2021:08:09:32 +0000] "GET /assets/vendor/flag-icon-css/flags/1x1/de.svg HTTP/1.1" 404 183
::1 - - [19/Dec/2021:08:09:32 +0000] "GET /favicon.ico HTTP/1.1" 404 150
::1 - - [19/Dec/2021:08:09:34 +0000] "GET /assets/css/vendor.min.css HTTP/1.1" 404 164
::1 - - [19/Dec/2021:08:09:34 +0000] "GET /assets/vendor/bootstrap-icons/font/bootstrap-icons.css HTTP/1.1" 404 193
::1 - - [19/Dec/2021:08:09:34 +0000] "GET /assets/vendor/aos/dist/aos.css HTTP/1.1" 404 169
::1 - - [19/Dec/2021:08:09:34 +0000] "GET /assets/css/theme.minc619.css?v=1.0 HTTP/1.1" 404 167
::1 - - [19/Dec/2021:08:10:19 +0000] "GET / HTTP/1.1" 200 49350
::1 - - [19/Dec/2021:08:10:19 +0000] "GET /assets/css/vendor.min.css HTTP/1.1" 404 164
::1 - - [19/Dec/2021:08:10:19 +0000] "GET /assets/vendor/aos/dist/aos.css HTTP/1.1" 404 169
::1 - - [19/Dec/2021:08:10:19 +0000] "GET /assets/vendor/bootstrap-icons/font/bootstrap-icons.css HTTP/1.1" 404 193
::1 - - [19/Dec/2021:08:10:19 +0000] "GET /assets/css/theme.minc619.css?v=1.0 HTTP/1.1" 404 167
::1 - - [19/Dec/2021:08:10:19 +0000] "GET /assets/js/vendor.min.js HTTP/1.1" 404 162
::1 - - [19/Dec/2021:08:10:19 +0000] "GET /assets/vendor/aos/dist/aos.js HTTP/1.1" 404 168
::1 - - [19/Dec/2021:08:10:19 +0000] "GET /assets/js/theme.min.js HTTP/1.1" 404 161
::1 - - [19/Dec/2021:08:10:19 +0000] "GET /assets/img/crypto/11.jpg HTTP/1.1" 404 163
::1 - - [19/Dec/2021:08:10:19 +0000] "GET /assets/img/crypto/13.jpg HTTP/1.1" 404 163
::1 - - [19/Dec/2021:08:10:19 +0000] "GET /assets/img/crypto/12.png HTTP/1.1" 404 163
::1 - - [19/Dec/2021:08:10:19 +0000] "GET /assets/svg/components/circled-stripe.svg HTTP/1.1" 404 179
::1 - - [19/Dec/2021:08:10:19 +0000] "GET /assets/img/crypto/10.png HTTP/1.1" 404 163
::1 - - [19/Dec/2021:08:10:19 +0000] "GET /assets/img/crypto/9.png HTTP/1.1" 404 162
::1 - - [19/Dec/2021:08:10:19 +0000] "GET /assets/svg/components/dots.svg HTTP/1.1" 404 169
::1 - - [19/Dec/2021:08:10:19 +0000] "GET /assets/img/crypto/vision.png HTTP/1.1" 404 167
::1 - - [19/Dec/2021:08:10:19 +0000] "GET /assets/img/crypto/coinbase.png HTTP/1.1" 404 169
::1 - - [19/Dec/2021:08:10:19 +0000] "GET /assets/img/crypto/ledger.png HTTP/1.1" 404 167
::1 - - [19/Dec/2021:08:10:19 +0000] "GET /assets/img/crypto/metamask.png HTTP/1.1" 404 169
::1 - - [19/Dec/2021:08:10:19 +0000] "GET /assets/img/crypto/gridplus.png HTTP/1.1" 404 169
::1 - - [19/Dec/2021:08:10:19 +0000] "GET /assets/img/crypto/blockchain.png HTTP/1.1" 404 171
::1 - - [19/Dec/2021:08:10:19 +0000] "GET /assets/img/crypto/mykey.png HTTP/1.1" 404 166
::1 - - [19/Dec/2021:08:10:19 +0000] "GET /assets/img/crypto/infinito.png HTTP/1.1" 404 169
::1 - - [19/Dec/2021:08:10:19 +0000] "GET /assets/img/crypto/ownbit.png HTTP/1.1" 404 167
::1 - - [19/Dec/2021:08:10:19 +0000] "GET /assets/img/crypto/mew.png HTTP/1.1" 404 164
::1 - - [19/Dec/2021:08:10:19 +0000] "GET /assets/img/crypto/onto.png HTTP/1.1" 404 165
::1 - - [19/Dec/2021:08:10:19 +0000] "GET /assets/vendor/flag-icon-css/flags/1x1/us.svg HTTP/1.1" 404 183
::1 - - [19/Dec/2021:08:10:19 +0000] "GET /assets/vendor/flag-icon-css/flags/1x1/de.svg HTTP/1.1" 404 183
::1 - - [19/Dec/2021:08:10:19 +0000] "GET /assets/vendor/flag-icon-css/flags/1x1/es.svg HTTP/1.1" 404 183
::1 - - [19/Dec/2021:08:10:19 +0000] "GET /assets/vendor/flag-icon-css/flags/1x1/cn.svg HTTP/1.1" 404 183
::1 - - [19/Dec/2021:08:10:19 +0000] "GET /favicon.ico HTTP/1.1" 404 150
::1 - - [19/Dec/2021:08:13:49 +0000] "GET / HTTP/1.1" 200 49350
::1 - - [19/Dec/2021:08:13:54 +0000] "GET /auth/login HTTP/1.1" 200 34211
::1 - - [19/Dec/2021:08:13:54 +0000] "GET /auth/assets/css/vendor.min.css HTTP/1.1" 404 169
::1 - - [19/Dec/2021:08:13:54 +0000] "GET /auth/assets/vendor/bootstrap-icons/font/bootstrap-icons.css HTTP/1.1" 404 198
::1 - - [19/Dec/2021:08:13:54 +0000] "GET /auth/assets/vendor/aos/dist/aos.css HTTP/1.1" 404 174
::1 - - [19/Dec/2021:08:13:54 +0000] "GET /auth/assets/css/theme.minc619.css?v=1.0 HTTP/1.1" 404 172
::1 - - [19/Dec/2021:08:13:54 +0000] "GET /auth/assets/js/vendor.min.js HTTP/1.1" 404 167
::1 - - [19/Dec/2021:08:13:54 +0000] "GET /auth/assets/vendor/aos/dist/aos.js HTTP/1.1" 404 173
::1 - - [19/Dec/2021:08:13:54 +0000] "GET /auth/assets/js/theme.min.js HTTP/1.1" 404 166
::1 - - [19/Dec/2021:08:13:54 +0000] "GET /auth/assets/vendor/flag-icon-css/flags/1x1/us.svg HTTP/1.1" 404 188
::1 - - [19/Dec/2021:08:13:54 +0000] "GET /auth/assets/vendor/flag-icon-css/flags/1x1/de.svg HTTP/1.1" 404 188
::1 - - [19/Dec/2021:08:13:54 +0000] "GET /auth/assets/vendor/flag-icon-css/flags/1x1/es.svg HTTP/1.1" 404 188
::1 - - [19/Dec/2021:08:13:54 +0000] "GET /auth/assets/vendor/flag-icon-css/flags/1x1/cn.svg HTTP/1.1" 404 188
::1 - - [19/Dec/2021:08:13:54 +0000] "GET /auth/assets/vendor/aos/dist/aos.js HTTP/1.1" 404 173
::1 - - [19/Dec/2021:08:13:54 +0000] "GET /auth/assets/js/theme.min.js HTTP/1.1" 404 166
::1 - - [19/Dec/2021:08:13:54 +0000] "GET /auth/favicon.ico HTTP/1.1" 404 155
::1 - - [19/Dec/2021:08:16:10 +0000] "GET /auth/assets/css/vendor.min.css HTTP/1.1" 404 169
::1 - - [19/Dec/2021:08:16:10 +0000] "GET /auth/assets/vendor/bootstrap-icons/font/bootstrap-icons.css HTTP/1.1" 404 198
::1 - - [19/Dec/2021:08:16:10 +0000] "GET /auth/assets/vendor/aos/dist/aos.css HTTP/1.1" 404 174
::1 - - [19/Dec/2021:08:16:10 +0000] "GET /auth/assets/css/theme.minc619.css?v=1.0 HTTP/1.1" 404 172
::1 - - [19/Dec/2021:08:20:40 +0000] "GET /auth/login HTTP/1.1" 200 34211
::1 - - [19/Dec/2021:08:20:40 +0000] "GET /auth/assets/css/vendor.min.css HTTP/1.1" 404 169
::1 - - [19/Dec/2021:08:20:40 +0000] "GET /auth/assets/vendor/bootstrap-icons/font/bootstrap-icons.css HTTP/1.1" 404 198
::1 - - [19/Dec/2021:08:20:40 +0000] "GET /auth/assets/vendor/aos/dist/aos.css HTTP/1.1" 404 174
::1 - - [19/Dec/2021:08:20:40 +0000] "GET /auth/assets/css/theme.minc619.css?v=1.0 HTTP/1.1" 404 172
::1 - - [19/Dec/2021:08:20:41 +0000] "GET /auth/assets/js/vendor.min.js HTTP/1.1" 404 167
::1 - - [19/Dec/2021:08:20:41 +0000] "GET /auth/assets/vendor/aos/dist/aos.js HTTP/1.1" 404 173
::1 - - [19/Dec/2021:08:20:41 +0000] "GET /auth/assets/js/theme.min.js HTTP/1.1" 404 166
::1 - - [19/Dec/2021:08:20:41 +0000] "GET /auth/assets/vendor/flag-icon-css/flags/1x1/us.svg HTTP/1.1" 404 188
::1 - - [19/Dec/2021:08:20:41 +0000] "GET /auth/assets/vendor/flag-icon-css/flags/1x1/de.svg HTTP/1.1" 404 188
::1 - - [19/Dec/2021:08:20:41 +0000] "GET /auth/assets/vendor/flag-icon-css/flags/1x1/cn.svg HTTP/1.1" 404 188
::1 - - [19/Dec/2021:08:20:41 +0000] "GET /auth/assets/vendor/flag-icon-css/flags/1x1/es.svg HTTP/1.1" 404 188
::1 - - [19/Dec/2021:08:20:41 +0000] "GET /auth/assets/vendor/aos/dist/aos.js HTTP/1.1" 404 173
::1 - - [19/Dec/2021:08:20:41 +0000] "GET /auth/assets/js/theme.min.js HTTP/1.1" 404 166
::1 - - [19/Dec/2021:08:20:41 +0000] "GET /auth/favicon.ico HTTP/1.1" 404 155
::1 - - [19/Dec/2021:08:21:10 +0000] "GET / HTTP/1.1" 200 49350
::1 - - [19/Dec/2021:08:21:10 +0000] "GET /assets/css/vendor.min.css HTTP/1.1" 404 164
::1 - - [19/Dec/2021:08:21:10 +0000] "GET /assets/vendor/bootstrap-icons/font/bootstrap-icons.css HTTP/1.1" 404 193
::1 - - [19/Dec/2021:08:21:10 +0000] "GET /assets/vendor/aos/dist/aos.css HTTP/1.1" 404 169
::1 - - [19/Dec/2021:08:21:10 +0000] "GET /assets/css/theme.minc619.css?v=1.0 HTTP/1.1" 404 167
::1 - - [19/Dec/2021:08:21:11 +0000] "GET /assets/js/vendor.min.js HTTP/1.1" 404 162
::1 - - [19/Dec/2021:08:21:11 +0000] "GET /assets/vendor/aos/dist/aos.js HTTP/1.1" 404 168
::1 - - [19/Dec/2021:08:21:11 +0000] "GET /assets/js/theme.min.js HTTP/1.1" 404 161
::1 - - [19/Dec/2021:08:21:11 +0000] "GET /assets/img/crypto/11.jpg HTTP/1.1" 404 163
::1 - - [19/Dec/2021:08:21:11 +0000] "GET /assets/img/crypto/13.jpg HTTP/1.1" 404 163
::1 - - [19/Dec/2021:08:21:11 +0000] "GET /assets/img/crypto/12.png HTTP/1.1" 404 163
::1 - - [19/Dec/2021:08:21:11 +0000] "GET /assets/img/crypto/10.png HTTP/1.1" 404 163
::1 - - [19/Dec/2021:08:21:11 +0000] "GET /assets/img/crypto/9.png HTTP/1.1" 404 162
::1 - - [19/Dec/2021:08:21:11 +0000] "GET /assets/svg/components/circled-stripe.svg HTTP/1.1" 404 179
::1 - - [19/Dec/2021:08:21:11 +0000] "GET /assets/svg/components/dots.svg HTTP/1.1" 404 169
::1 - - [19/Dec/2021:08:21:11 +0000] "GET /assets/img/crypto/vision.png HTTP/1.1" 404 167
::1 - - [19/Dec/2021:08:21:11 +0000] "GET /assets/img/crypto/coinbase.png HTTP/1.1" 404 169
::1 - - [19/Dec/2021:08:21:11 +0000] "GET /assets/img/crypto/ledger.png HTTP/1.1" 404 167
::1 - - [19/Dec/2021:08:21:11 +0000] "GET /assets/img/crypto/metamask.png HTTP/1.1" 404 169
::1 - - [19/Dec/2021:08:21:11 +0000] "GET /assets/img/crypto/gridplus.png HTTP/1.1" 404 169
::1 - - [19/Dec/2021:08:21:11 +0000] "GET /assets/img/crypto/blockchain.png HTTP/1.1" 404 171
::1 - - [19/Dec/2021:08:21:11 +0000] "GET /assets/img/crypto/mykey.png HTTP/1.1" 404 166
::1 - - [19/Dec/2021:08:21:11 +0000] "GET /assets/img/crypto/ownbit.png HTTP/1.1" 404 167
::1 - - [19/Dec/2021:08:21:11 +0000] "GET /assets/img/crypto/infinito.png HTTP/1.1" 404 169
::1 - - [19/Dec/2021:08:21:11 +0000] "GET /assets/img/crypto/mew.png HTTP/1.1" 404 164
::1 - - [19/Dec/2021:08:21:11 +0000] "GET /assets/img/crypto/onto.png HTTP/1.1" 404 165
::1 - - [19/Dec/2021:08:21:11 +0000] "GET /assets/vendor/flag-icon-css/flags/1x1/us.svg HTTP/1.1" 404 183
::1 - - [19/Dec/2021:08:21:11 +0000] "GET /assets/vendor/flag-icon-css/flags/1x1/de.svg HTTP/1.1" 404 183
::1 - - [19/Dec/2021:08:21:11 +0000] "GET /assets/vendor/flag-icon-css/flags/1x1/es.svg HTTP/1.1" 404 183
::1 - - [19/Dec/2021:08:21:11 +0000] "GET /assets/vendor/flag-icon-css/flags/1x1/cn.svg HTTP/1.1" 404 183
::1 - - [19/Dec/2021:08:21:11 +0000] "GET /assets/vendor/aos/dist/aos.js HTTP/1.1" 404 168
::1 - - [19/Dec/2021:08:21:11 +0000] "GET /assets/js/theme.min.js HTTP/1.1" 404 161
::1 - - [19/Dec/2021:08:21:11 +0000] "GET /favicon.ico HTTP/1.1" 404 150
::1 - - [19/Dec/2021:08:21:22 +0000] "GET / HTTP/1.1" 200 49350
::1 - - [19/Dec/2021:08:50:56 +0000] "GET /auth/signup HTTP/1.1" 200 35857
::1 - - [19/Dec/2021:08:50:57 +0000] "GET /auth/assets/css/vendor.min.css HTTP/1.1" 404 169
::1 - - [19/Dec/2021:08:50:57 +0000] "GET /auth/assets/vendor/bootstrap-icons/font/bootstrap-icons.css HTTP/1.1" 404 198
::1 - - [19/Dec/2021:08:50:57 +0000] "GET /auth/assets/vendor/aos/dist/aos.css HTTP/1.1" 404 174
::1 - - [19/Dec/2021:08:50:57 +0000] "GET /auth/assets/css/theme.minc619.css?v=1.0 HTTP/1.1" 404 172
::1 - - [19/Dec/2021:08:50:57 +0000] "GET /auth/assets/js/vendor.min.js HTTP/1.1" 404 167
::1 - - [19/Dec/2021:08:50:57 +0000] "GET /auth/assets/vendor/aos/dist/aos.js HTTP/1.1" 404 173
::1 - - [19/Dec/2021:08:50:57 +0000] "GET /auth/assets/js/theme.min.js HTTP/1.1" 404 166
::1 - - [19/Dec/2021:08:50:57 +0000] "GET /auth/assets/vendor/flag-icon-css/flags/1x1/us.svg HTTP/1.1" 404 188
::1 - - [19/Dec/2021:08:50:57 +0000] "GET /auth/assets/vendor/flag-icon-css/flags/1x1/es.svg HTTP/1.1" 404 188
::1 - - [19/Dec/2021:08:50:57 +0000] "GET /auth/assets/vendor/flag-icon-css/flags/1x1/cn.svg HTTP/1.1" 404 188
::1 - - [19/Dec/2021:08:50:57 +0000] "GET /auth/assets/vendor/flag-icon-css/flags/1x1/de.svg HTTP/1.1" 404 188
::1 - - [19/Dec/2021:08:50:57 +0000] "GET /auth/assets/vendor/aos/dist/aos.js HTTP/1.1" 404 173
::1 - - [19/Dec/2021:08:50:57 +0000] "GET /auth/assets/js/theme.min.js HTTP/1.1" 404 166
::1 - - [19/Dec/2021:08:50:57 +0000] "GET /auth/favicon.ico HTTP/1.1" 404 155
::1 - - [19/Dec/2021:08:52:03 +0000] "GET /auth/signup HTTP/1.1" 200 35924
::1 - - [19/Dec/2021:08:52:03 +0000] "GET /public/assets/css/vendor.min.css HTTP/1.1" 404 171
::1 - - [19/Dec/2021:08:52:03 +0000] "GET /public/assets/css/theme.minc619.css?v=1.0 HTTP/1.1" 404 174
::1 - - [19/Dec/2021:08:52:03 +0000] "GET /public/assets/vendor/bootstrap-icons/font/bootstrap-icons.css HTTP/1.1" 404 200
::1 - - [19/Dec/2021:08:52:03 +0000] "GET /public/assets/vendor/aos/dist/aos.css HTTP/1.1" 404 176
::1 - - [19/Dec/2021:08:52:04 +0000] "GET /auth/assets/js/vendor.min.js HTTP/1.1" 404 167
::1 - - [19/Dec/2021:08:52:04 +0000] "GET /auth/assets/vendor/aos/dist/aos.js HTTP/1.1" 404 173
::1 - - [19/Dec/2021:08:52:04 +0000] "GET /auth/assets/js/theme.min.js HTTP/1.1" 404 166
::1 - - [19/Dec/2021:08:52:04 +0000] "GET /auth/assets/vendor/flag-icon-css/flags/1x1/us.svg HTTP/1.1" 404 188
::1 - - [19/Dec/2021:08:52:04 +0000] "GET /auth/assets/vendor/flag-icon-css/flags/1x1/de.svg HTTP/1.1" 404 188
::1 - - [19/Dec/2021:08:52:04 +0000] "GET /auth/assets/vendor/flag-icon-css/flags/1x1/es.svg HTTP/1.1" 404 188
::1 - - [19/Dec/2021:08:52:04 +0000] "GET /auth/assets/vendor/flag-icon-css/flags/1x1/cn.svg HTTP/1.1" 404 188
::1 - - [19/Dec/2021:08:52:04 +0000] "GET /auth/assets/vendor/aos/dist/aos.js HTTP/1.1" 404 173
::1 - - [19/Dec/2021:08:52:04 +0000] "GET /auth/assets/js/theme.min.js HTTP/1.1" 404 166
::1 - - [19/Dec/2021:08:52:04 +0000] "GET /auth/favicon.ico HTTP/1.1" 404 155
::1 - - [19/Dec/2021:08:52:06 +0000] "GET /public/assets/css/vendor.min.css HTTP/1.1" 404 171
::1 - - [19/Dec/2021:08:52:06 +0000] "GET /public/assets/vendor/bootstrap-icons/font/bootstrap-icons.css HTTP/1.1" 404 200
::1 - - [19/Dec/2021:08:52:06 +0000] "GET /public/assets/vendor/aos/dist/aos.css HTTP/1.1" 404 176
::1 - - [19/Dec/2021:08:52:06 +0000] "GET /public/assets/css/theme.minc619.css?v=1.0 HTTP/1.1" 404 174
::1 - - [19/Dec/2021:09:09:22 +0000] "GET / HTTP/1.1" 200 49350
::1 - - [19/Dec/2021:09:09:37 +0000] "GET /auth/login HTTP/1.1" 200 34211
::1 - - [19/Dec/2021:09:09:37 +0000] "GET /auth/assets/css/vendor.min.css HTTP/1.1" 404 169
::1 - - [19/Dec/2021:09:09:37 +0000] "GET /auth/assets/vendor/bootstrap-icons/font/bootstrap-icons.css HTTP/1.1" 404 198
::1 - - [19/Dec/2021:09:09:37 +0000] "GET /auth/assets/vendor/aos/dist/aos.css HTTP/1.1" 404 174
::1 - - [19/Dec/2021:09:09:37 +0000] "GET /auth/assets/css/theme.minc619.css?v=1.0 HTTP/1.1" 404 172
::1 - - [19/Dec/2021:09:09:37 +0000] "GET /auth/assets/js/vendor.min.js HTTP/1.1" 404 167
::1 - - [19/Dec/2021:09:09:37 +0000] "GET /auth/assets/vendor/aos/dist/aos.js HTTP/1.1" 404 173
::1 - - [19/Dec/2021:09:09:37 +0000] "GET /auth/assets/js/theme.min.js HTTP/1.1" 404 166
::1 - - [19/Dec/2021:09:09:37 +0000] "GET /auth/assets/vendor/flag-icon-css/flags/1x1/de.svg HTTP/1.1" 404 188
::1 - - [19/Dec/2021:09:09:37 +0000] "GET /auth/assets/vendor/flag-icon-css/flags/1x1/us.svg HTTP/1.1" 404 188
::1 - - [19/Dec/2021:09:09:37 +0000] "GET /auth/assets/vendor/flag-icon-css/flags/1x1/es.svg HTTP/1.1" 404 188
::1 - - [19/Dec/2021:09:09:37 +0000] "GET /auth/assets/vendor/flag-icon-css/flags/1x1/cn.svg HTTP/1.1" 404 188
::1 - - [19/Dec/2021:09:09:37 +0000] "GET /auth/assets/vendor/aos/dist/aos.js HTTP/1.1" 404 173
::1 - - [19/Dec/2021:09:09:37 +0000] "GET /auth/assets/js/theme.min.js HTTP/1.1" 404 166
::1 - - [19/Dec/2021:09:09:38 +0000] "GET /auth/favicon.ico HTTP/1.1" 404 155
::1 - - [19/Dec/2021:09:17:21 +0000] "GET /auth/login HTTP/1.1" 200 34211
::1 - - [19/Dec/2021:09:17:22 +0000] "GET /auth/assets/css/vendor.min.css HTTP/1.1" 404 169
::1 - - [19/Dec/2021:09:17:22 +0000] "GET /auth/assets/vendor/bootstrap-icons/font/bootstrap-icons.css HTTP/1.1" 404 198
::1 - - [19/Dec/2021:09:17:22 +0000] "GET /auth/assets/vendor/aos/dist/aos.css HTTP/1.1" 404 174
::1 - - [19/Dec/2021:09:17:22 +0000] "GET /auth/assets/css/theme.minc619.css?v=1.0 HTTP/1.1" 404 172
::1 - - [19/Dec/2021:09:17:22 +0000] "GET /auth/assets/js/vendor.min.js HTTP/1.1" 404 167
::1 - - [19/Dec/2021:09:17:22 +0000] "GET /auth/assets/vendor/aos/dist/aos.js HTTP/1.1" 404 173
::1 - - [19/Dec/2021:09:17:22 +0000] "GET /auth/assets/js/theme.min.js HTTP/1.1" 404 166
::1 - - [19/Dec/2021:09:17:22 +0000] "GET /auth/assets/vendor/flag-icon-css/flags/1x1/us.svg HTTP/1.1" 404 188
::1 - - [19/Dec/2021:09:17:22 +0000] "GET /auth/assets/vendor/flag-icon-css/flags/1x1/de.svg HTTP/1.1" 404 188
::1 - - [19/Dec/2021:09:17:22 +0000] "GET /auth/assets/vendor/flag-icon-css/flags/1x1/es.svg HTTP/1.1" 404 188
::1 - - [19/Dec/2021:09:17:22 +0000] "GET /auth/assets/vendor/flag-icon-css/flags/1x1/cn.svg HTTP/1.1" 404 188
::1 - - [19/Dec/2021:09:17:22 +0000] "GET /auth/assets/vendor/aos/dist/aos.js HTTP/1.1" 404 173
::1 - - [19/Dec/2021:09:17:22 +0000] "GET /auth/assets/js/theme.min.js HTTP/1.1" 404 166
::1 - - [19/Dec/2021:09:17:22 +0000] "GET /auth/favicon.ico HTTP/1.1" 404 155
::1 - - [19/Dec/2021:09:17:25 +0000] "GET / HTTP/1.1" 200 49350
::1 - - [19/Dec/2021:09:22:52 +0000] "GET /auth/login HTTP/1.1" 200 34211
::1 - - [19/Dec/2021:09:22:52 +0000] "GET /auth/assets/css/vendor.min.css HTTP/1.1" 404 169
::1 - - [19/Dec/2021:09:22:52 +0000] "GET /auth/assets/vendor/bootstrap-icons/font/bootstrap-icons.css HTTP/1.1" 404 198
::1 - - [19/Dec/2021:09:22:52 +0000] "GET /auth/assets/vendor/aos/dist/aos.css HTTP/1.1" 404 174
::1 - - [19/Dec/2021:09:22:52 +0000] "GET /auth/assets/css/theme.minc619.css?v=1.0 HTTP/1.1" 404 172
::1 - - [19/Dec/2021:09:22:52 +0000] "GET /auth/assets/js/vendor.min.js HTTP/1.1" 404 167
::1 - - [19/Dec/2021:09:22:52 +0000] "GET /auth/assets/vendor/aos/dist/aos.js HTTP/1.1" 404 173
::1 - - [19/Dec/2021:09:22:52 +0000] "GET /auth/assets/js/theme.min.js HTTP/1.1" 404 166
::1 - - [19/Dec/2021:09:22:52 +0000] "GET /auth/assets/vendor/flag-icon-css/flags/1x1/us.svg HTTP/1.1" 404 188
::1 - - [19/Dec/2021:09:22:52 +0000] "GET /auth/assets/vendor/flag-icon-css/flags/1x1/de.svg HTTP/1.1" 404 188
::1 - - [19/Dec/2021:09:22:52 +0000] "GET /auth/assets/vendor/flag-icon-css/flags/1x1/cn.svg HTTP/1.1" 404 188
::1 - - [19/Dec/2021:09:22:52 +0000] "GET /auth/assets/vendor/flag-icon-css/flags/1x1/es.svg HTTP/1.1" 404 188
::1 - - [19/Dec/2021:09:22:53 +0000] "GET /auth/assets/vendor/aos/dist/aos.js HTTP/1.1" 404 173
::1 - - [19/Dec/2021:09:22:53 +0000] "GET /auth/assets/js/theme.min.js HTTP/1.1" 404 166
::1 - - [19/Dec/2021:09:22:53 +0000] "GET /auth/favicon.ico HTTP/1.1" 404 155
::1 - - [19/Dec/2021:09:22:57 +0000] "GET /auth/password/reset HTTP/1.1" 200 14
::1 - - [19/Dec/2021:09:30:32 +0000] "GET /auth/password/reset HTTP/1.1" 200 14
::1 - - [19/Dec/2021:09:30:36 +0000] "GET /auth/ HTTP/1.1" 404 144
::1 - - [19/Dec/2021:09:30:39 +0000] "GET / HTTP/1.1" 200 49350
::1 - - [19/Dec/2021:09:30:42 +0000] "GET /auth/login HTTP/1.1" 200 34211
::1 - - [19/Dec/2021:09:30:42 +0000] "GET /auth/assets/css/vendor.min.css HTTP/1.1" 404 169
::1 - - [19/Dec/2021:09:30:42 +0000] "GET /auth/assets/vendor/bootstrap-icons/font/bootstrap-icons.css HTTP/1.1" 404 198
::1 - - [19/Dec/2021:09:30:42 +0000] "GET /auth/assets/vendor/aos/dist/aos.css HTTP/1.1" 404 174
::1 - - [19/Dec/2021:09:30:42 +0000] "GET /auth/assets/css/theme.minc619.css?v=1.0 HTTP/1.1" 404 172
::1 - - [19/Dec/2021:09:30:42 +0000] "GET /auth/assets/js/vendor.min.js HTTP/1.1" 404 167
::1 - - [19/Dec/2021:09:30:42 +0000] "GET /auth/assets/vendor/aos/dist/aos.js HTTP/1.1" 404 173
::1 - - [19/Dec/2021:09:30:42 +0000] "GET /auth/assets/js/theme.min.js HTTP/1.1" 404 166
::1 - - [19/Dec/2021:09:30:42 +0000] "GET /auth/assets/vendor/flag-icon-css/flags/1x1/us.svg HTTP/1.1" 404 188
::1 - - [19/Dec/2021:09:30:42 +0000] "GET /auth/assets/vendor/flag-icon-css/flags/1x1/de.svg HTTP/1.1" 404 188
::1 - - [19/Dec/2021:09:30:42 +0000] "GET /auth/assets/vendor/flag-icon-css/flags/1x1/es.svg HTTP/1.1" 404 188
::1 - - [19/Dec/2021:09:30:42 +0000] "GET /auth/assets/vendor/flag-icon-css/flags/1x1/cn.svg HTTP/1.1" 404 188
::1 - - [19/Dec/2021:09:30:42 +0000] "GET /auth/assets/vendor/aos/dist/aos.js HTTP/1.1" 404 173
::1 - - [19/Dec/2021:09:30:42 +0000] "GET /auth/assets/js/theme.min.js HTTP/1.1" 404 166
::1 - - [19/Dec/2021:09:30:42 +0000] "GET /auth/favicon.ico HTTP/1.1" 404 155
::1 - - [19/Dec/2021:13:08:04 +0000] "GET / HTTP/1.1" 200 49350
::1 - - [19/Dec/2021:13:08:12 +0000] "GET /auth/signup HTTP/1.1" 200 36136
::1 - - [19/Dec/2021:13:08:12 +0000] "GET /auth/assets/css/vendor.min.css HTTP/1.1" 404 169
::1 - - [19/Dec/2021:13:08:13 +0000] "GET /auth/assets/vendor/bootstrap-icons/font/bootstrap-icons.css HTTP/1.1" 404 198
::1 - - [19/Dec/2021:13:08:13 +0000] "GET /auth/assets/vendor/aos/dist/aos.css HTTP/1.1" 404 174
::1 - - [19/Dec/2021:13:08:13 +0000] "GET /auth/assets/css/theme.minc619.css?v=1.0 HTTP/1.1" 404 172
::1 - - [19/Dec/2021:13:08:13 +0000] "GET /auth/assets/js/vendor.min.js HTTP/1.1" 404 167
::1 - - [19/Dec/2021:13:08:13 +0000] "GET /auth/assets/vendor/aos/dist/aos.js HTTP/1.1" 404 173
::1 - - [19/Dec/2021:13:08:13 +0000] "GET /auth/assets/js/theme.min.js HTTP/1.1" 404 166
::1 - - [19/Dec/2021:13:08:13 +0000] "GET /auth/assets/vendor/flag-icon-css/flags/1x1/us.svg HTTP/1.1" 404 188
::1 - - [19/Dec/2021:13:08:13 +0000] "GET /auth/assets/vendor/flag-icon-css/flags/1x1/de.svg HTTP/1.1" 404 188
::1 - - [19/Dec/2021:13:08:13 +0000] "GET /auth/assets/vendor/flag-icon-css/flags/1x1/cn.svg HTTP/1.1" 404 188
::1 - - [19/Dec/2021:13:08:13 +0000] "GET /auth/assets/vendor/flag-icon-css/flags/1x1/es.svg HTTP/1.1" 404 188
::1 - - [19/Dec/2021:13:08:13 +0000] "GET /auth/assets/vendor/aos/dist/aos.js HTTP/1.1" 404 173
::1 - - [19/Dec/2021:13:08:13 +0000] "GET /auth/assets/js/theme.min.js HTTP/1.1" 404 166
::1 - - [19/Dec/2021:13:08:15 +0000] "GET /auth/favicon.ico HTTP/1.1" 404 155
::1 - - [19/Dec/2021:13:19:22 +0000] "GET / HTTP/1.1" 200 49350
::1 - - [19/Dec/2021:13:55:45 +0000] "GET / HTTP/1.1" 200 49350
::1 - - [19/Dec/2021:13:55:51 +0000] "GET /auth/login HTTP/1.1" 200 34603
::1 - - [19/Dec/2021:13:55:51 +0000] "GET /auth/assets/vendor/flag-icon-css/flags/1x1/us.svg HTTP/1.1" 404 188
::1 - - [19/Dec/2021:13:55:51 +0000] "GET /auth/assets/vendor/flag-icon-css/flags/1x1/es.svg HTTP/1.1" 404 188
::1 - - [19/Dec/2021:13:55:51 +0000] "GET /auth/assets/vendor/flag-icon-css/flags/1x1/cn.svg HTTP/1.1" 404 188
::1 - - [19/Dec/2021:13:55:51 +0000] "GET /auth/assets/vendor/flag-icon-css/flags/1x1/de.svg HTTP/1.1" 404 188
::1 - - [19/Dec/2021:13:55:52 +0000] "GET /auth/favicon.ico HTTP/1.1" 404 155
::1 - - [19/Dec/2021:13:56:23 +0000] "GET / HTTP/1.1" 200 49350
::1 - - [19/Dec/2021:13:57:30 +0000] "GET /auth/login HTTP/1.1" 200 34603
::1 - - [19/Dec/2021:13:57:30 +0000] "GET /auth/assets/vendor/flag-icon-css/flags/1x1/us.svg HTTP/1.1" 404 188
::1 - - [19/Dec/2021:13:57:30 +0000] "GET /auth/assets/vendor/flag-icon-css/flags/1x1/cn.svg HTTP/1.1" 404 188
::1 - - [19/Dec/2021:13:57:30 +0000] "GET /auth/assets/vendor/flag-icon-css/flags/1x1/de.svg HTTP/1.1" 404 188
::1 - - [19/Dec/2021:13:57:30 +0000] "GET /auth/assets/vendor/flag-icon-css/flags/1x1/es.svg HTTP/1.1" 404 188
::1 - - [19/Dec/2021:13:57:30 +0000] "GET /auth/favicon.ico HTTP/1.1" 404 155
::1 - - [19/Dec/2021:14:01:53 +0000] "GET /auth/login HTTP/1.1" 200 34808
::1 - - [19/Dec/2021:14:01:54 +0000] "GET /auth/favicon.ico HTTP/1.1" 404 155
::1 - - [19/Dec/2021:14:02:15 +0000] "GET /auth/password/reset HTTP/1.1" 200 31304
::1 - - [19/Dec/2021:14:02:15 +0000] "GET /auth/password/assets/css/vendor.min.css HTTP/1.1" 404 178
::1 - - [19/Dec/2021:14:02:15 +0000] "GET /auth/password/assets/css/theme.minc619.css?v=1.0 HTTP/1.1" 404 181
::1 - - [19/Dec/2021:14:02:15 +0000] "GET /auth/password/assets/vendor/bootstrap-icons/font/bootstrap-icons.css HTTP/1.1" 404 207
::1 - - [19/Dec/2021:14:02:15 +0000] "GET /auth/password/assets/vendor/aos/dist/aos.css HTTP/1.1" 404 183
::1 - - [19/Dec/2021:14:02:16 +0000] "GET /auth/password/assets/js/vendor.min.js HTTP/1.1" 404 176
::1 - - [19/Dec/2021:14:02:16 +0000] "GET /auth/password/assets/vendor/aos/dist/aos.js HTTP/1.1" 404 182
::1 - - [19/Dec/2021:14:02:16 +0000] "GET /auth/password/assets/js/theme.min.js HTTP/1.1" 404 175
::1 - - [19/Dec/2021:14:02:16 +0000] "GET /auth/password/assets/vendor/aos/dist/aos.js HTTP/1.1" 404 182
::1 - - [19/Dec/2021:14:02:16 +0000] "GET /auth/password/assets/js/theme.min.js HTTP/1.1" 404 175
::1 - - [19/Dec/2021:14:02:16 +0000] "GET /auth/password/favicon.ico HTTP/1.1" 404 164
::1 - - [19/Dec/2021:14:02:16 +0000] "GET /auth/password/favicon.ico HTTP/1.1" 404 164
::1 - - [19/Dec/2021:14:03:03 +0000] "GET /auth/password/reset HTTP/1.1" 200 31696
::1 - - [19/Dec/2021:14:03:04 +0000] "GET /auth/password/favicon.ico HTTP/1.1" 404 164
::1 - - [19/Dec/2021:14:03:23 +0000] "POST /auth/login HTTP/1.1" 500 875
::1 - - [19/Dec/2021:14:04:36 +0000] "GET /auth/password/reset HTTP/1.1" 200 31605
::1 - - [19/Dec/2021:14:04:36 +0000] "GET /auth/password/favicon.ico HTTP/1.1" 404 164
::1 - - [19/Dec/2021:14:04:38 +0000] "GET /auth/signup HTTP/1.1" 200 36537
::1 - - [19/Dec/2021:14:04:39 +0000] "GET /auth/favicon.ico HTTP/1.1" 404 155
::1 - - [19/Dec/2021:14:04:42 +0000] "GET /auth/login HTTP/1.1" 200 34717
::1 - - [19/Dec/2021:14:04:42 +0000] "GET /auth/favicon.ico HTTP/1.1" 404 155
::1 - - [19/Dec/2021:14:04:44 +0000] "GET / HTTP/1.1" 200 50143
::1 - - [19/Dec/2021:14:04:50 +0000] "GET / HTTP/1.1" 200 50143
::1 - - [19/Dec/2021:14:04:51 +0000] "GET / HTTP/1.1" 200 50143
::1 - - [19/Dec/2021:14:05:15 +0000] "GET /auth/signup HTTP/1.1" 200 36537
::1 - - [19/Dec/2021:14:05:16 +0000] "GET /auth/favicon.ico HTTP/1.1" 404 155
::1 - - [19/Dec/2021:14:05:42 +0000] "POST /auth/signup HTTP/1.1" 201 88
::1 - - [19/Dec/2021:14:05:44 +0000] "GET /dashboard HTTP/1.1" 200 26043
::1 - - [19/Dec/2021:14:05:54 +0000] "GET /dashboard HTTP/1.1" 200 26043
::1 - - [19/Dec/2021:14:05:56 +0000] "GET /dashboard HTTP/1.1" 200 26043
::1 - - [19/Dec/2021:14:05:59 +0000] "GET /dashboard HTTP/1.1" 200 26043
::1 - - [19/Dec/2021:14:06:22 +0000] "GET / HTTP/1.1" 200 50146
::1 - - [19/Dec/2021:14:06:34 +0000] "GET / HTTP/1.1" 200 50146
::1 - - [19/Dec/2021:14:06:37 +0000] "GET / HTTP/1.1" 200 50146
::1 - - [19/Dec/2021:14:09:42 +0000] "GET /login HTTP/1.1" 404 144
::1 - - [19/Dec/2021:14:09:45 +0000] "GET /login HTTP/1.1" 404 144
::1 - - [19/Dec/2021:14:09:51 +0000] "GET /auth/login HTTP/1.1" 200 34720
::1 - - [19/Dec/2021:14:09:54 +0000] "GET /auth/favicon.ico HTTP/1.1" 404 155
::1 - - [19/Dec/2021:14:09:54 +0000] "GET /auth/favicon.ico HTTP/1.1" 404 155
::1 - - [19/Dec/2021:14:10:09 +0000] "GET / HTTP/1.1" 200 50146
::1 - - [19/Dec/2021:14:10:31 +0000] "GET /dashboard HTTP/1.1" 200 26043
::1 - - [19/Dec/2021:14:10:36 +0000] "GET / HTTP/1.1" 200 50146
::1 - - [19/Dec/2021:14:10:40 +0000] "GET /dashboard HTTP/1.1" 200 26043
::1 - - [19/Dec/2021:14:19:54 +0000] "GET / HTTP/1.1" 500 2024
::1 - - [19/Dec/2021:14:20:15 +0000] "GET / HTTP/1.1" 200 49936
::1 - - [19/Dec/2021:14:20:20 +0000] "GET /auth/login HTTP/1.1" 200 34510
::1 - - [19/Dec/2021:14:20:20 +0000] "GET /auth/favicon.ico HTTP/1.1" 404 155
::1 - - [19/Dec/2021:14:20:35 +0000] "POST /auth/login HTTP/1.1" 200 46
::1 - - [19/Dec/2021:14:20:37 +0000] "GET /dashboard HTTP/1.1" 200 26107
::1 - - [19/Dec/2021:14:21:45 +0000] "GET /dashboard HTTP/1.1" 200 26106
::1 - - [19/Dec/2021:14:21:47 +0000] "GET /dashboard/ HTTP/1.1" 200 26106
::1 - - [19/Dec/2021:14:21:47 +0000] "GET /dashboard/assets/css/vendor.min.css HTTP/1.1" 404 174
::1 - - [19/Dec/2021:14:21:47 +0000] "GET /dashboard/assets/vendor/bootstrap-icons/font/bootstrap-icons.css HTTP/1.1" 404 203
::1 - - [19/Dec/2021:14:21:47 +0000] "GET /dashboard/assets/vendor/aos/dist/aos.css HTTP/1.1" 404 179
::1 - - [19/Dec/2021:14:21:47 +0000] "GET /dashboard/assets/css/theme.minc619.css?v=1.0 HTTP/1.1" 404 177
::1 - - [19/Dec/2021:14:21:47 +0000] "GET /dashboard/assets/js/vendor.min.js HTTP/1.1" 404 172
::1 - - [19/Dec/2021:14:21:47 +0000] "GET /dashboard/assets/vendor/aos/dist/aos.js HTTP/1.1" 404 178
::1 - - [19/Dec/2021:14:21:47 +0000] "GET /dashboard/assets/js/theme.min.js HTTP/1.1" 404 171
::1 - - [19/Dec/2021:14:21:47 +0000] "GET /dashboard/assets/vendor/aos/dist/aos.js HTTP/1.1" 404 178
::1 - - [19/Dec/2021:14:21:47 +0000] "GET /dashboard/assets/js/theme.min.js HTTP/1.1" 404 171
::1 - - [19/Dec/2021:14:21:47 +0000] "GET /dashboard/favicon.ico HTTP/1.1" 404 160
::1 - - [19/Dec/2021:14:21:47 +0000] "GET /dashboard/favicon.ico HTTP/1.1" 404 160
::1 - - [19/Dec/2021:14:21:54 +0000] "GET /dashboard/ HTTP/1.1" 200 26106
::1 - - [19/Dec/2021:14:21:54 +0000] "GET /dashboard/assets/css/vendor.min.css HTTP/1.1" 404 174
::1 - - [19/Dec/2021:14:21:54 +0000] "GET /dashboard/assets/vendor/aos/dist/aos.css HTTP/1.1" 404 179
::1 - - [19/Dec/2021:14:21:54 +0000] "GET /dashboard/assets/css/theme.minc619.css?v=1.0 HTTP/1.1" 404 177
::1 - - [19/Dec/2021:14:21:54 +0000] "GET /dashboard/assets/vendor/bootstrap-icons/font/bootstrap-icons.css HTTP/1.1" 404 203
::1 - - [19/Dec/2021:14:21:54 +0000] "GET /dashboard/assets/js/vendor.min.js HTTP/1.1" 404 172
::1 - - [19/Dec/2021:14:21:54 +0000] "GET /dashboard/assets/vendor/aos/dist/aos.js HTTP/1.1" 404 178
::1 - - [19/Dec/2021:14:21:54 +0000] "GET /dashboard/assets/js/theme.min.js HTTP/1.1" 404 171
::1 - - [19/Dec/2021:14:21:54 +0000] "GET /dashboard/favicon.ico HTTP/1.1" 404 160
::1 - - [19/Dec/2021:14:21:56 +0000] "GET /dashboard/ HTTP/1.1" 200 26106
::1 - - [19/Dec/2021:14:21:56 +0000] "GET /dashboard/assets/css/vendor.min.css HTTP/1.1" 404 174
::1 - - [19/Dec/2021:14:21:56 +0000] "GET /dashboard/assets/vendor/bootstrap-icons/font/bootstrap-icons.css HTTP/1.1" 404 203
::1 - - [19/Dec/2021:14:21:56 +0000] "GET /dashboard/assets/vendor/aos/dist/aos.css HTTP/1.1" 404 179
::1 - - [19/Dec/2021:14:21:56 +0000] "GET /dashboard/assets/css/theme.minc619.css?v=1.0 HTTP/1.1" 404 177
::1 - - [19/Dec/2021:14:21:56 +0000] "GET /dashboard/assets/js/vendor.min.js HTTP/1.1" 404 172
::1 - - [19/Dec/2021:14:21:56 +0000] "GET /dashboard/assets/vendor/aos/dist/aos.js HTTP/1.1" 404 178
::1 - - [19/Dec/2021:14:21:56 +0000] "GET /dashboard/assets/js/theme.min.js HTTP/1.1" 404 171
::1 - - [19/Dec/2021:14:21:56 +0000] "GET /dashboard/favicon.ico HTTP/1.1" 404 160
::1 - - [19/Dec/2021:14:22:00 +0000] "GET /dashboard HTTP/1.1" 200 26106
::1 - - [19/Dec/2021:14:22:11 +0000] "GET /dashboard HTTP/1.1" 200 26105
::1 - - [19/Dec/2021:14:22:17 +0000] "GET /dashboard HTTP/1.1" 200 26105
::1 - - [19/Dec/2021:14:22:23 +0000] "GET / HTTP/1.1" 200 50204
::1 - - [19/Dec/2021:14:22:29 +0000] "GET /dashboard HTTP/1.1" 200 26105
::1 - - [19/Dec/2021:14:28:19 +0000] "GET /dashboard HTTP/1.1" 200 26105
::1 - - [19/Dec/2021:14:32:47 +0000] "GET /dashboard HTTP/1.1" 200 34482
::1 - - [19/Dec/2021:14:32:47 +0000] "GET /assets/img/407x867/img1.jpg HTTP/1.1" 404 166
::1 - - [19/Dec/2021:14:32:47 +0000] "GET /assets/img/1618x1010/img1.jpg HTTP/1.1" 404 168
::1 - - [19/Dec/2021:14:32:47 +0000] "GET /assets/img/407x867/img2.jpg HTTP/1.1" 404 166
::1 - - [19/Dec/2021:14:32:47 +0000] "GET /assets/img/1618x1010/img2.jpg HTTP/1.1" 404 168
::1 - - [19/Dec/2021:14:32:47 +0000] "GET /assets/img/407x867/img4.jpg HTTP/1.1" 404 166
::1 - - [19/Dec/2021:14:32:47 +0000] "GET /assets/img/1618x1010/img4.jpg HTTP/1.1" 404 168
::1 - - [19/Dec/2021:14:33:11 +0000] "GET /dashboard HTTP/1.1" 200 34484
::1 - - [19/Dec/2021:14:33:11 +0000] "GET /assets/img/407x867/img1.jpg HTTP/1.1" 404 166
::1 - - [19/Dec/2021:14:33:11 +0000] "GET /assets/img/1618x1010/img1.jpg HTTP/1.1" 404 168
::1 - - [19/Dec/2021:14:33:11 +0000] "GET /assets/img/407x867/img2.jpg HTTP/1.1" 404 166
::1 - - [19/Dec/2021:14:33:11 +0000] "GET /assets/img/1618x1010/img2.jpg HTTP/1.1" 404 168
::1 - - [19/Dec/2021:14:33:11 +0000] "GET /assets/img/407x867/img4.jpg HTTP/1.1" 404 166
::1 - - [19/Dec/2021:14:33:11 +0000] "GET /assets/img/1618x1010/img4.jpg HTTP/1.1" 404 168
::1 - - [19/Dec/2021:14:34:27 +0000] "GET /dashboard HTTP/1.1" 200 33988
::1 - - [19/Dec/2021:14:34:27 +0000] "GET /assets/img/407x867/img1.jpg HTTP/1.1" 404 166
::1 - - [19/Dec/2021:14:34:27 +0000] "GET /assets/img/1618x1010/img1.jpg HTTP/1.1" 404 168
::1 - - [19/Dec/2021:14:34:27 +0000] "GET /assets/img/407x867/img2.jpg HTTP/1.1" 404 166
::1 - - [19/Dec/2021:14:34:27 +0000] "GET /assets/img/1618x1010/img2.jpg HTTP/1.1" 404 168
::1 - - [19/Dec/2021:14:34:27 +0000] "GET /assets/img/407x867/img4.jpg HTTP/1.1" 404 166
::1 - - [19/Dec/2021:14:34:27 +0000] "GET /assets/img/1618x1010/img4.jpg HTTP/1.1" 404 168
::1 - - [19/Dec/2021:14:39:15 +0000] "GET /dashboard HTTP/1.1" 200 30672
::1 - - [19/Dec/2021:14:39:15 +0000] "GET /assets/img/407x867/img2.jpg HTTP/1.1" 404 166
::1 - - [19/Dec/2021:14:39:15 +0000] "GET /assets/img/1618x1010/img2.jpg HTTP/1.1" 404 168
::1 - - [19/Dec/2021:14:40:24 +0000] "GET /dashboard HTTP/1.1" 200 30680
::1 - - [19/Dec/2021:14:40:25 +0000] "GET /assets/img/407x867/img2.jpg HTTP/1.1" 404 166
::1 - - [19/Dec/2021:14:40:25 +0000] "GET /assets/img/1618x1010/img2.jpg HTTP/1.1" 404 168
::1 - - [19/Dec/2021:14:40:46 +0000] "GET /dashboard HTTP/1.1" 200 30677
::1 - - [19/Dec/2021:14:40:46 +0000] "GET /assets/img/407x867/img2.jpg HTTP/1.1" 404 166
::1 - - [19/Dec/2021:14:40:46 +0000] "GET /assets/img/1618x1010/img2.jpg HTTP/1.1" 404 168
::1 - - [19/Dec/2021:14:42:15 +0000] "GET /dashboard HTTP/1.1" 200 31311
::1 - - [19/Dec/2021:14:42:15 +0000] "GET /assets/img/407x867/img2.jpg HTTP/1.1" 404 166
::1 - - [19/Dec/2021:14:42:15 +0000] "GET /assets/img/1618x1010/img2.jpg HTTP/1.1" 404 168
::1 - - [19/Dec/2021:14:43:48 +0000] "GET /dashboard HTTP/1.1" 200 29670
::1 - - [19/Dec/2021:14:45:37 +0000] "GET /dashboard HTTP/1.1" 200 29979
::1 - - [19/Dec/2021:14:46:38 +0000] "GET /dashboard HTTP/1.1" 200 29990
::1 - - [19/Dec/2021:14:47:48 +0000] "GET /dashboard HTTP/1.1" 200 30232
::1 - - [19/Dec/2021:14:48:38 +0000] "GET /dashboard HTTP/1.1" 200 30444
::1 - - [19/Dec/2021:14:49:20 +0000] "GET /dashboard HTTP/1.1" 200 30614
::1 - - [19/Dec/2021:14:50:14 +0000] "GET /dashboard HTTP/1.1" 200 30496
::1 - - [19/Dec/2021:14:51:29 +0000] "GET /dashboard HTTP/1.1" 200 30792
::1 - - [19/Dec/2021:14:52:33 +0000] "GET /dashboard HTTP/1.1" 200 30892
::1 - - [19/Dec/2021:14:53:09 +0000] "GET /dashboard HTTP/1.1" 200 30937
::1 - - [19/Dec/2021:14:53:27 +0000] "GET /dashboard HTTP/1.1" 200 30979
::1 - - [19/Dec/2021:14:56:27 +0000] "GET /dashboard HTTP/1.1" 200 31066
::1 - - [19/Dec/2021:14:56:57 +0000] "GET / HTTP/1.1" 200 50204
::1 - - [19/Dec/2021:14:59:26 +0000] "GET /dashboard HTTP/1.1" 200 31458
::1 - - [19/Dec/2021:14:59:38 +0000] "GET /dashboard HTTP/1.1" 200 31458
::1 - - [19/Dec/2021:15:02:17 +0000] "GET /dashboard HTTP/1.1" 200 31731
::1 - - [19/Dec/2021:15:08:29 +0000] "GET /dashboard HTTP/1.1" 200 32139
::1 - - [19/Dec/2021:15:08:45 +0000] "GET /dashboard HTTP/1.1" 200 32139
::1 - - [19/Dec/2021:15:28:40 +0000] "GET /dashboard HTTP/1.1" 200 32524
::1 - - [19/Dec/2021:15:30:23 +0000] "GET /dashboard HTTP/1.1" 200 32667
::1 - - [19/Dec/2021:15:31:40 +0000] "GET /dashboard HTTP/1.1" 200 32590
::1 - - [19/Dec/2021:15:32:21 +0000] "GET /dashboard HTTP/1.1" 200 32590
::1 - - [19/Dec/2021:15:33:30 +0000] "GET /dashboard HTTP/1.1" 200 32984
::1 - - [19/Dec/2021:15:33:57 +0000] "GET /dashboard HTTP/1.1" 200 32981
::1 - - [19/Dec/2021:15:35:04 +0000] "GET /dashboard HTTP/1.1" 200 31892
::1 - - [19/Dec/2021:15:58:10 +0000] "GET / HTTP/1.1" 200 50203
::1 - - [19/Dec/2021:15:58:13 +0000] "GET /auth/signup HTTP/1.1" 200 36597
::1 - - [19/Dec/2021:15:58:16 +0000] "GET /auth/favicon.ico HTTP/1.1" 404 155
::1 - - [19/Dec/2021:15:58:16 +0000] "GET /auth/favicon.ico HTTP/1.1" 404 155
::1 - - [19/Dec/2021:15:58:17 +0000] "GET /auth/login HTTP/1.1" 200 34777
::1 - - [19/Dec/2021:15:58:17 +0000] "GET /auth/favicon.ico HTTP/1.1" 404 155
::1 - - [19/Dec/2021:15:58:35 +0000] "POST /auth/login HTTP/1.1" 200 46
::1 - - [19/Dec/2021:15:58:37 +0000] "GET /dashboard HTTP/1.1" 200 31892
::1 - - [19/Dec/2021:16:04:09 +0000] "GET /dashboard HTTP/1.1" 200 32707
::1 - - [19/Dec/2021:16:05:57 +0000] "GET /dashboard HTTP/1.1" 200 32344
::1 - - [19/Dec/2021:16:06:54 +0000] "GET /dashboard HTTP/1.1" 200 32430
::1 - - [19/Dec/2021:16:08:09 +0000] "GET /dashboard HTTP/1.1" 200 32457
::1 - - [19/Dec/2021:16:08:22 +0000] "GET /dashboard HTTP/1.1" 200 32457
::1 - - [19/Dec/2021:16:13:16 +0000] "GET /auth/logout HTTP/1.1" 302 46
::1 - - [19/Dec/2021:16:13:16 +0000] "GET / HTTP/1.1" 200 50203
::1 - - [19/Dec/2021:16:13:19 +0000] "GET /auth/signup HTTP/1.1" 200 36597
::1 - - [19/Dec/2021:16:13:21 +0000] "GET /auth/favicon.ico HTTP/1.1" 404 155
::1 - - [19/Dec/2021:16:13:27 +0000] "POST /auth/signup HTTP/1.1" 200 72
::1 - - [19/Dec/2021:16:15:00 +0000] "POST /auth/signup HTTP/1.1" 201 72
::1 - - [19/Dec/2021:16:19:20 +0000] "POST /auth/signup HTTP/1.1" 201 91
::1 - - [19/Dec/2021:16:19:22 +0000] "GET /dashboard HTTP/1.1" 200 32463
::1 - - [19/Dec/2021:16:25:13 +0000] "GET /auth/logout HTTP/1.1" 302 46
::1 - - [19/Dec/2021:16:25:13 +0000] "GET / HTTP/1.1" 200 50203
::1 - - [19/Dec/2021:16:25:18 +0000] "GET /auth/login HTTP/1.1" 200 34777
::1 - - [19/Dec/2021:16:25:19 +0000] "GET /auth/favicon.ico HTTP/1.1" 404 155
::1 - - [19/Dec/2021:16:25:34 +0000] "POST /auth/login HTTP/1.1" 200 46
::1 - - [19/Dec/2021:16:25:36 +0000] "GET /dashboard HTTP/1.1" 200 32463
::1 - - [19/Dec/2021:16:26:12 +0000] "GET /auth/logout HTTP/1.1" 302 46
::1 - - [19/Dec/2021:16:26:12 +0000] "GET / HTTP/1.1" 200 50203
::1 - - [19/Dec/2021:16:26:17 +0000] "GET /auth/signup HTTP/1.1" 200 36597
::1 - - [19/Dec/2021:16:26:18 +0000] "GET /auth/favicon.ico HTTP/1.1" 404 155
::1 - - [19/Dec/2021:16:26:38 +0000] "POST /auth/signup HTTP/1.1" 200 72
::1 - - [19/Dec/2021:16:28:15 +0000] "POST /auth/signup HTTP/1.1" 201 94
::1 - - [19/Dec/2021:16:28:17 +0000] "GET /dashboard HTTP/1.1" 200 32457
::1 - - [19/Dec/2021:16:30:32 +0000] "GET /dashboard HTTP/1.1" 200 32453
::1 - - [19/Dec/2021:16:31:04 +0000] "GET /dashboard HTTP/1.1" 200 32455
::1 - - [19/Dec/2021:16:31:44 +0000] "GET /dashboard HTTP/1.1" 200 32485
::1 - - [19/Dec/2021:16:32:28 +0000] "GET /dashboard HTTP/1.1" 200 32522
::1 - - [19/Dec/2021:16:32:36 +0000] "GET /auth/logout HTTP/1.1" 302 46
::1 - - [19/Dec/2021:16:32:36 +0000] "GET / HTTP/1.1" 200 50203
::1 - - [19/Dec/2021:16:32:39 +0000] "GET /auth/login HTTP/1.1" 200 34777
::1 - - [19/Dec/2021:16:32:40 +0000] "GET /auth/favicon.ico HTTP/1.1" 404 155
::1 - - [19/Dec/2021:16:42:37 +0000] "GET / HTTP/1.1" 200 50203
::1 - - [19/Dec/2021:16:42:42 +0000] "GET /auth/signup HTTP/1.1" 200 36597
::1 - - [19/Dec/2021:16:42:44 +0000] "GET /auth/favicon.ico HTTP/1.1" 404 155
::1 - - [19/Dec/2021:16:42:54 +0000] "POST /auth/signup HTTP/1.1" 201 90
::1 - - [19/Dec/2021:16:42:56 +0000] "GET /dashboard HTTP/1.1" 200 32529
::1 - - [19/Dec/2021:16:43:59 +0000] "GET /auth/logout HTTP/1.1" 302 46
::1 - - [19/Dec/2021:16:43:59 +0000] "GET / HTTP/1.1" 200 50203
::1 - - [19/Dec/2021:16:44:03 +0000] "GET /auth/signup HTTP/1.1" 200 36597
::1 - - [19/Dec/2021:16:44:03 +0000] "GET /auth/favicon.ico HTTP/1.1" 404 155
::1 - - [19/Dec/2021:16:44:37 +0000] "POST /auth/signup HTTP/1.1" 201 91
::1 - - [19/Dec/2021:16:44:40 +0000] "GET /dashboard HTTP/1.1" 200 32520
::1 - - [19/Dec/2021:17:00:52 +0000] "GET /auth/logout HTTP/1.1" 302 46
::1 - - [19/Dec/2021:17:00:52 +0000] "GET / HTTP/1.1" 200 50203
::1 - - [19/Dec/2021:17:02:01 +0000] "GET /auth/login HTTP/1.1" 200 34777
::1 - - [19/Dec/2021:17:02:02 +0000] "GET /auth/favicon.ico HTTP/1.1" 404 155
::1 - - [19/Dec/2021:17:02:16 +0000] "POST /auth/login HTTP/1.1" 200 83
::1 - - [19/Dec/2021:17:02:32 +0000] "POST /auth/login HTTP/1.1" 200 83
::1 - - [19/Dec/2021:17:02:37 +0000] "POST /auth/login HTTP/1.1" 200 83
::1 - - [19/Dec/2021:17:02:54 +0000] "POST /auth/login HTTP/1.1" 200 83
::1 - - [19/Dec/2021:17:03:05 +0000] "GET /auth/signup HTTP/1.1" 200 36597
::1 - - [19/Dec/2021:17:03:07 +0000] "GET /auth/favicon.ico HTTP/1.1" 404 155
::1 - - [19/Dec/2021:17:03:47 +0000] "POST /auth/signup HTTP/1.1" 201 91
::1 - - [19/Dec/2021:17:03:49 +0000] "GET /dashboard HTTP/1.1" 200 32528
::1 - - [19/Dec/2021:17:07:09 +0000] "GET /dashboard HTTP/1.1" 200 32788
::1 - - [19/Dec/2021:17:13:03 +0000] "GET /dashboard HTTP/1.1" 200 32788
::1 - - [19/Dec/2021:17:13:21 +0000] "GET /auth/logout HTTP/1.1" 302 46
::1 - - [19/Dec/2021:17:13:21 +0000] "GET / HTTP/1.1" 200 50463
::1 - - [19/Dec/2021:17:13:26 +0000] "GET /auth/signup HTTP/1.1" 200 36857
::1 - - [19/Dec/2021:17:13:26 +0000] "GET /auth/favicon.ico HTTP/1.1" 404 155
::1 - - [19/Dec/2021:17:14:53 +0000] "POST /auth/signup HTTP/1.1" 201 94
::1 - - [19/Dec/2021:17:14:55 +0000] "GET /dashboard HTTP/1.1" 200 32796
::1 - - [19/Dec/2021:17:29:01 +0000] "GET /auth/logout HTTP/1.1" 302 46
::1 - - [19/Dec/2021:17:29:01 +0000] "GET / HTTP/1.1" 200 50463
::1 - - [19/Dec/2021:17:45:32 +0000] "GET / HTTP/1.1" 200 50463
::1 - - [19/Dec/2021:18:39:47 +0000] "GET / HTTP/1.1" 304 -
::1 - - [19/Dec/2021:18:40:39 +0000] "GET / HTTP/1.1" 200 50457
::1 - - [19/Dec/2021:18:41:29 +0000] "GET / HTTP/1.1" 200 50203
::1 - - [19/Dec/2021:18:41:57 +0000] "GET / HTTP/1.1" 200 50408
::1 - - [19/Dec/2021:19:57:11 +0000] "GET / HTTP/1.1" 404 14
::1 - - [19/Dec/2021:19:58:00 +0000] "GET /dashboard HTTP/1.1" 404 14
::1 - - [19/Dec/2021:20:00:16 +0000] "GET / HTTP/1.1" 200 50408
::1 - - [19/Dec/2021:20:00:25 +0000] "GET /ffd HTTP/1.1" 404 14
::1 - - [19/Dec/2021:20:09:39 +0000] "GET / HTTP/1.1" 304 -
::1 - - [19/Dec/2021:20:09:44 +0000] "GET /auth/signup HTTP/1.1" 200 36802
::1 - - [19/Dec/2021:20:09:46 +0000] "GET /auth/favicon.ico HTTP/1.1" 404 14
::1 - - [19/Dec/2021:20:09:46 +0000] "GET /auth/favicon.ico HTTP/1.1" 404 14
::1 - - [19/Dec/2021:20:09:56 +0000] "GET /auth/signup HTTP/1.1" 304 -
::1 - - [19/Dec/2021:20:09:56 +0000] "GET /auth/signup HTTP/1.1" 304 -
::1 - - [19/Dec/2021:20:09:56 +0000] "GET /auth/signup HTTP/1.1" 304 -
::1 - - [19/Dec/2021:20:09:57 +0000] "GET /auth/favicon.ico HTTP/1.1" 404 14
::1 - - [19/Dec/2021:20:09:58 +0000] "GET /auth/signup HTTP/1.1" 304 -
::1 - - [19/Dec/2021:20:09:59 +0000] "GET /auth/signup HTTP/1.1" 304 -
::1 - - [19/Dec/2021:20:09:59 +0000] "GET /auth/signup HTTP/1.1" 304 -
::1 - - [19/Dec/2021:20:09:59 +0000] "GET /auth/signup HTTP/1.1" 304 -
::1 - - [19/Dec/2021:20:10:00 +0000] "GET /auth/favicon.ico HTTP/1.1" 404 14
::1 - - [19/Dec/2021:20:10:04 +0000] "GET /auth/signup HTTP/1.1" 304 -
::1 - - [19/Dec/2021:20:10:04 +0000] "GET /auth/signup HTTP/1.1" 304 -
::1 - - [19/Dec/2021:20:10:04 +0000] "GET /auth/signup HTTP/1.1" 200 36802
::1 - - [19/Dec/2021:20:10:04 +0000] "GET /auth/signup HTTP/1.1" 200 36802
::1 - - [19/Dec/2021:20:10:05 +0000] "GET /auth/signup HTTP/1.1" 304 -
::1 - - [19/Dec/2021:20:10:05 +0000] "GET /auth/signup HTTP/1.1" 304 -
::1 - - [19/Dec/2021:20:10:05 +0000] "GET /auth/signup HTTP/1.1" 304 -
::1 - - [19/Dec/2021:20:10:06 +0000] "GET /auth/signup HTTP/1.1" 304 -
::1 - - [19/Dec/2021:20:10:06 +0000] "GET /auth/signup HTTP/1.1" 304 -
::1 - - [19/Dec/2021:20:10:06 +0000] "GET /auth/signup HTTP/1.1" 304 -
::1 - - [19/Dec/2021:20:10:06 +0000] "GET /auth/signup HTTP/1.1" 304 -
::1 - - [19/Dec/2021:20:10:07 +0000] "GET /auth/favicon.ico HTTP/1.1" 404 14
::1 - - [19/Dec/2021:20:14:39 +0000] "GET /dashboard HTTP/1.1" 302 98
::1 - - [19/Dec/2021:20:14:39 +0000] "GET /auth/login?next=/dashboard HTTP/1.1" 200 34982
::1 - - [19/Dec/2021:20:14:40 +0000] "GET /auth/favicon.ico HTTP/1.1" 404 14
::1 - - [19/Dec/2021:20:14:56 +0000] "POST /auth/login HTTP/1.1" 200 46
::1 - - [19/Dec/2021:20:14:58 +0000] "GET /dashboard HTTP/1.1" 200 32731
::1 - - [20/Dec/2021:03:49:34 +0000] "GET /dashboard HTTP/1.1" 302 98
::1 - - [20/Dec/2021:03:49:34 +0000] "GET /auth/login?next=/dashboard HTTP/1.1" 304 -
::1 - - [20/Dec/2021:03:49:35 +0000] "GET /auth/favicon.ico HTTP/1.1" 404 1400
::1 - - [20/Dec/2021:05:43:02 +0000] "GET /auth/login HTTP/1.1" 200 34982
::1 - - [20/Dec/2021:05:43:03 +0000] "GET /auth/favicon.ico HTTP/1.1" 404 1400
::1 - - [20/Dec/2021:05:43:24 +0000] "POST /auth/login HTTP/1.1" 200 46
::1 - - [20/Dec/2021:05:43:26 +0000] "GET /dashboard HTTP/1.1" 200 32747
::1 - - [20/Dec/2021:05:44:34 +0000] "GET /auth/logout HTTP/1.1" 302 46
::1 - - [20/Dec/2021:05:44:34 +0000] "GET / HTTP/1.1" 304 -
::1 - - [20/Dec/2021:09:10:11 +0000] "GET / HTTP/1.1" 304 -
::1 - - [20/Dec/2021:09:11:14 +0000] "GET /auth/signup HTTP/1.1" 304 -
::1 - - [20/Dec/2021:09:11:14 +0000] "GET /auth/favicon.ico HTTP/1.1" 404 1400
::1 - - [20/Dec/2021:09:11:40 +0000] "POST /auth/signup HTTP/1.1" 200 72
::1 - - [20/Dec/2021:09:11:53 +0000] "POST /auth/signup HTTP/1.1" 201 90
::1 - - [20/Dec/2021:09:11:55 +0000] "GET /dashboard HTTP/1.1" 200 32756
::1 - - [20/Dec/2021:09:12:35 +0000] "GET /auth/logout HTTP/1.1" 302 46
::1 - - [20/Dec/2021:09:12:35 +0000] "GET / HTTP/1.1" 304 -
::1 - - [20/Dec/2021:16:41:55 +0000] "GET / HTTP/1.1" 200 50408
::1 - - [20/Dec/2021:16:42:03 +0000] "GET /auth/login HTTP/1.1" 200 34982
::1 - - [20/Dec/2021:16:42:14 +0000] "GET /auth/favicon.ico HTTP/1.1" 404 14
::1 - - [20/Dec/2021:16:42:15 +0000] "POST /auth/login HTTP/1.1" 200 83
::1 - - [20/Dec/2021:16:42:37 +0000] "GET /auth/login HTTP/1.1" 200 34982
::1 - - [20/Dec/2021:16:42:43 +0000] "GET /auth/favicon.ico HTTP/1.1" 404 14
::1 - - [20/Dec/2021:16:42:44 +0000] "GET /auth/favicon.ico HTTP/1.1" 404 14
::1 - - [20/Dec/2021:16:43:04 +0000] "POST /auth/login HTTP/1.1" 200 83
::1 - - [20/Dec/2021:16:43:18 +0000] "POST /auth/login HTTP/1.1" 200 46
::1 - - [20/Dec/2021:16:43:20 +0000] "GET /dashboard HTTP/1.1" 200 32747
::1 - - [20/Dec/2021:16:43:59 +0000] "GET /dashboard HTTP/1.1" 304 -
::1 - - [20/Dec/2021:16:45:46 +0000] "GET /dashboard HTTP/1.1" 304 -
